2026-02-07 11:56:20 | Admin: Madiha S (ID: 7) | Page: dashboard.php
2026-02-07 07:26:46 | Admin: Madiha S (ID: 7) | Page: enrolled_students.php
2026-02-07 07:27:25 | Admin: Madiha S (ID: 7) | Page: placed_students.php
2026-02-07 07:28:23 | Admin: Madiha S (ID: 7) | Page: registered_students.php
2026-02-07 07:28:38 | Admin: Madiha S (ID: 7) | Page: placed_students.php
2026-02-07 07:28:40 | Admin: Madiha S (ID: 7) | Page: registered_students.php
2026-02-07 07:30:34 | Admin: Madiha S (ID: 7) | Page: placed_students.php
2026-02-07 07:30:59 | Admin: Madiha S (ID: 7) | Page: course_specific_drive_data.php
2026-02-07 07:31:09 | Admin: Madiha S (ID: 7) | Page: add_drive.php
2026-02-07 12:08:13 | Admin: Madiha S (ID: 7) | Page: dashboard.php
2026-02-07 07:38:37 | Admin: Madiha S (ID: 7) | Page: manage_courses.php
2026-02-07 07:39:02 | Admin: Madiha S (ID: 7) | Page: course_specific_drive_data.php
2026-02-07 07:39:17 | Admin: Madiha S (ID: 7) | Page: manage_courses.php
2026-02-07 07:39:34 | Admin: Madiha S (ID: 7) | Page: admin_notifications.php
2026-02-07 22:51:08 | Admin: Madiha S (ID: 7) | Page: dashboard.php
2026-02-07 22:51:17 | Admin: Madiha S (ID: 7) | Page: dashboard.php
2026-02-07 18:21:24 | Admin: Madiha S (ID: 7) | Page: admin_notifications.php
2026-02-07 18:21:31 | Admin: Madiha S (ID: 7) | Page: admin_notifications.php
2026-02-07 18:21:47 | Admin: Madiha S (ID: 7) | Page: admin_notifications.php
2026-02-07 18:21:55 | Admin: Madiha S (ID: 7) | Page: enrolled_students.php
2026-02-07 18:22:02 | Admin: Madiha S (ID: 7) | Page: manage_rounds.php
2026-02-07 18:22:05 | Admin: Madiha S (ID: 7) | Page: manage_rounds.php
2026-02-07 18:22:19 | Admin: Madiha S (ID: 7) | Page: registered_students.php
2026-02-07 18:22:31 | Admin: Madiha S (ID: 7) | Page: placed_students.php
2026-02-07 18:22:33 | Admin: Madiha S (ID: 7) | Page: on_off_campus.php
2026-02-07 18:22:40 | Admin: Madiha S (ID: 7) | Page: course_specific_drive_data.php
2026-02-07 18:23:30 | Admin: Madiha S (ID: 7) | Page: admin_student_progress.php
2026-02-07 22:53:35 | Admin: Madiha S (ID: 7) | Page: old_files_storage.php
2026-02-07 18:23:40 | Admin: Madiha S (ID: 7) | Page: backup_module.php
2026-02-07 18:23:47 | Admin: Madiha S (ID: 7) | Page: generate_course_report.php
2026-02-07 18:23:52 | Admin: Madiha S (ID: 7) | Page: manage_courses.php
2026-02-07 18:23:56 | Admin: Madiha S (ID: 7) | Page: data_migration.php
2026-02-08 10:45:27 | Admin: Madiha S (ID: 7) | Page: dashboard.php
2026-02-08 06:15:40 | Admin: Madiha S (ID: 7) | Page: registered_students.php
2026-02-08 06:15:50 | Admin: Madiha S (ID: 7) | Page: placed_students.php
2026-02-08 06:15:59 | Admin: Madiha S (ID: 7) | Page: course_specific_drive_data.php
2026-02-08 06:16:05 | Admin: Madiha S (ID: 7) | Page: placed_students.php
2026-02-08 10:46:45 | Admin: Madiha S (ID: 7) | Page: dashboard.php
2026-02-08 06:17:07 | Admin: Madiha S (ID: 7) | Page: admin_notifications.php
2026-02-08 10:47:19 | Admin: Madiha S (ID: 7) | Page: dashboard.php
2026-02-08 06:17:20 | Admin: Madiha S (ID: 7) | Page: admin_notifications.php
2026-02-08 06:17:51 | Admin: Madiha S (ID: 7) | Page: on_off_campus.php
2026-02-08 06:17:56 | Admin: Madiha S (ID: 7) | Page: course_specific_drive_data.php
2026-02-08 06:18:02 | Admin: Madiha S (ID: 7) | Page: course_specific_drive_data.php
2026-02-08 06:18:03 | Admin: Madiha S (ID: 7) | Page: backup_module.php
2026-02-08 06:18:05 | Admin: Madiha S (ID: 7) | Page: generate_course_report.php
2026-02-08 06:18:07 | Admin: Madiha S (ID: 7) | Page: manage_courses.php
2026-02-08 06:18:11 | Admin: Madiha S (ID: 7) | Page: admin_student_progress.php
2026-02-08 10:48:14 | Admin: Madiha S (ID: 7) | Page: old_files_storage.php
2026-02-08 10:48:15 | Admin: Madiha S (ID: 7) | Page: dashboard.php
2026-02-08 06:18:16 | Admin: Madiha S (ID: 7) | Page: backup_module.php
2026-02-08 06:18:18 | Admin: Madiha S (ID: 7) | Page: generate_course_report.php
2026-02-08 06:18:22 | Admin: Madiha S (ID: 7) | Page: manage_courses.php
2026-02-08 10:48:29 | Admin: Madiha S (ID: 7) | Page: dashboard.php
2026-02-08 06:18:29 | Admin: Madiha S (ID: 7) | Page: admin_notifications.php
2026-02-08 10:48:44 | Admin: Madiha S (ID: 7) | Page: dashboard.php
2026-02-08 06:18:44 | Admin: Madiha S (ID: 7) | Page: admin_notifications.php
2026-02-08 10:48:44 | Admin: Madiha S (ID: 7) | Page: dashboard.php
2026-02-08 10:49:25 | Admin: Madiha S (ID: 7) | Page: dashboard.php
2026-02-08 06:19:54 | Admin: Madiha S (ID: 7) | Page: registered_students.php
2026-02-08 06:20:00 | Admin: Madiha S (ID: 7) | Page: placed_students.php
2026-02-08 06:20:01 | Admin: Madiha S (ID: 7) | Page: on_off_campus.php
2026-02-08 06:20:02 | Admin: Madiha S (ID: 7) | Page: course_specific_drive_data.php
2026-02-08 10:50:10 | Admin: Madiha S (ID: 7) | Page: dashboard.php
2026-02-08 10:50:15 | Admin: Madiha S (ID: 7) | Page: old_files_storage.php
2026-02-08 06:20:16 | Admin: Madiha S (ID: 7) | Page: admin_student_progress.php
2026-02-08 06:20:17 | Admin: Madiha S (ID: 7) | Page: course_specific_drive_data.php
2026-02-08 06:20:19 | Admin: Madiha S (ID: 7) | Page: on_off_campus.php
2026-02-08 06:20:20 | Admin: Madiha S (ID: 7) | Page: placed_students.php
2026-02-08 06:20:21 | Admin: Madiha S (ID: 7) | Page: registered_students.php
2026-02-08 06:20:21 | Admin: Madiha S (ID: 7) | Page: registered_students.php
2026-02-08 06:20:29 | Admin: Madiha S (ID: 7) | Page: manage_rounds.php
2026-02-08 06:20:33 | Admin: Madiha S (ID: 7) | Page: enrolled_students.php
2026-02-08 06:20:38 | Admin: Madiha S (ID: 7) | Page: add_drive.php
2026-02-08 10:50:39 | Admin: Madiha S (ID: 7) | Page: dashboard.php
2026-02-08 06:21:03 | Admin: Madiha S (ID: 7) | Page: admin_notifications.php
2026-02-08 10:51:12 | Admin: Madiha S (ID: 7) | Page: dashboard.php
2026-02-08 06:21:12 | Admin: Madiha S (ID: 7) | Page: placed_students.php
2026-02-08 06:22:10 | Admin: Madiha S (ID: 7) | Page: placed_students.php
2026-02-08 10:52:30 | Admin: Madiha S (ID: 7) | Page: dashboard.php
2026-02-08 06:23:13 | Admin: Madiha S (ID: 7) | Page: placed_students.php
2026-02-08 06:24:02 | Admin: Madiha S (ID: 7) | Page: enrolled_students.php
2026-02-08 10:54:04 | Admin: Madiha S (ID: 7) | Page: dashboard.php
2026-02-08 11:06:17 | Admin: Madiha S (ID: 7) | Page: dashboard.php
2026-02-08 06:36:40 | Admin: Madiha S (ID: 7) | Page: registered_students.php
2026-02-08 06:36:48 | Admin: Madiha S (ID: 7) | Page: placed_students.php
2026-02-08 21:11:26 | Admin: Madiha S (ID: 7) | Page: dashboard.php
2026-02-08 16:41:32 | Admin: Madiha S (ID: 7) | Page: registered_students.php
2026-02-08 16:43:28 | Admin: Madiha S (ID: 7) | Page: enrolled_students.php
2026-02-08 21:13:34 | Admin: Madiha S (ID: 7) | Page: dashboard.php
2026-02-08 21:25:07 | Admin: Madiha S (ID: 7) | Page: dashboard.php
2026-02-08 21:31:28 | Admin: Madiha S (ID: 7) | Page: dashboard.php
2026-02-08 23:08:36 | Admin: Madiha S (ID: 7) | Page: dashboard.php
2026-02-08 18:39:01 | Admin: Madiha S (ID: 7) | Page: data_migration.php
2026-02-08 18:47:04 | Admin: Madiha S (ID: 7) | Page: data_migration.php
2026-02-08 18:47:14 | Admin: Madiha S (ID: 7) | Page: data_migration.php
2026-02-08 18:47:22 | Admin: Madiha S (ID: 7) | Page: manage_courses.php
2026-02-08 18:47:30 | Admin: Madiha S (ID: 7) | Page: vantage_registered_students.php
2026-02-08 18:47:36 | Admin: Madiha S (ID: 7) | Page: vantage_placed_students.php
2026-02-08 18:57:08 | Admin: Madiha S (ID: 7) | Page: vantage_placed_students.php
2026-02-08 23:27:40 | Admin: Madiha S (ID: 7) | Page: dashboard.php
2026-02-08 18:57:45 | Admin: Madiha S (ID: 7) | Page: add_drive.php
2026-02-08 18:57:47 | Admin: Madiha S (ID: 7) | Page: enrolled_students.php
2026-02-08 18:57:48 | Admin: Madiha S (ID: 7) | Page: registered_students.php
2026-02-08 18:57:49 | Admin: Madiha S (ID: 7) | Page: admin_notifications.php
2026-02-08 19:00:33 | Admin: Madiha S (ID: 7) | Page: admin_notifications.php
2026-02-08 19:00:38 | Admin: Madiha S (ID: 7) | Page: admin_notifications.php
2026-02-08 19:00:49 | Admin: Madiha S (ID: 7) | Page: admin_notifications.php
2026-02-08 19:00:53 | Admin: Madiha S (ID: 7) | Page: admin_notifications.php
2026-02-09 00:15:04 | Admin: Madiha S (ID: 7) | Page: dashboard.php
2026-02-09 00:15:28 | Admin: Madiha S (ID: 7) | Page: dashboard.php
2026-02-08 19:45:35 | Admin: Madiha S (ID: 7) | Page: vantage_registered_students.php
2026-02-08 19:45:39 | Admin: Madiha S (ID: 7) | Page: internship_placed_students.php
2026-02-08 19:45:42 | Admin: Madiha S (ID: 7) | Page: placed_students.php
2026-02-08 19:45:51 | Admin: Madiha S (ID: 7) | Page: data_migration.php
2026-02-08 19:45:58 | Admin: Madiha S (ID: 7) | Page: course_specific_drive_data.php
2026-02-08 19:46:02 | Admin: Madiha S (ID: 7) | Page: generate_course_report.php
2026-02-08 19:46:08 | Admin: Madiha S (ID: 7) | Page: generate_course_report.php
2026-02-08 19:46:12 | Admin: Madiha S (ID: 7) | Page: course_specific_drive_data.php
2026-02-08 19:46:24 | Admin: Madiha S (ID: 7) | Page: vantage_placed_students.php
2026-02-08 19:46:27 | Admin: Madiha S (ID: 7) | Page: vantage_registered_students.php
2026-02-08 19:46:28 | Admin: Madiha S (ID: 7) | Page: internship_placed_students.php
2026-02-08 19:46:33 | Admin: Madiha S (ID: 7) | Page: add_drive.php
2026-02-08 19:46:57 | Admin: Madiha S (ID: 7) | Page: placed_students.php
2026-02-09 00:16:59 | Admin: Madiha S (ID: 7) | Page: dashboard.php
2026-02-09 00:19:43 | Admin: Madiha S (ID: 7) | Page: dashboard.php
2026-02-08 19:50:36 | Admin: Madiha S (ID: 7) | Page: manage_courses.php
2026-02-08 19:50:56 | Admin: Madiha S (ID: 7) | Page: course_specific_drive_data.php
2026-02-09 00:21:07 | Admin: Madiha S (ID: 7) | Page: dashboard.php
2026-02-08 19:51:15 | Admin: Madiha S (ID: 7) | Page: add_drive.php
2026-02-09 00:21:29 | Admin: Madiha S (ID: 7) | Page: dashboard.php
2026-02-08 19:52:55 | Admin: Madiha S (ID: 7) | Page: registered_students.php
2026-02-08 19:53:10 | Admin: Madiha S (ID: 7) | Page: registered_students.php
2026-02-09 19:57:12 | Admin: Madiha S (ID: 7) | Page: dashboard.php
2026-02-09 20:01:36 | Admin: Madiha S (ID: 7) | Page: dashboard.php
2026-02-09 15:31:39 | Admin: Madiha S (ID: 7) | Page: data_migration.php
2026-02-09 20:21:30 | Admin: Madiha S (ID: 7) | Page: dashboard.php
2026-02-09 15:52:54 | Admin: Madiha S (ID: 7) | Page: enrolled_students.php
2026-02-09 15:53:08 | Admin: Madiha S (ID: 7) | Page: registered_students.php
2026-02-09 15:53:16 | Admin: Madiha S (ID: 7) | Page: vantage_registered_students.php
2026-02-09 15:53:18 | Admin: Madiha S (ID: 7) | Page: vantage_placed_students.php
2026-02-09 15:53:20 | Admin: Madiha S (ID: 7) | Page: vantage_registered_students.php
2026-02-09 15:53:28 | Admin: Madiha S (ID: 7) | Page: vantage_placed_students.php
2026-02-09 20:23:39 | Admin: Madiha S (ID: 7) | Page: dashboard.php
2026-02-09 15:53:42 | Admin: Madiha S (ID: 7) | Page: add_drive.php
2026-02-09 16:03:17 | Admin: Madiha S (ID: 7) | Page: add_drive.php
2026-02-09 20:33:38 | Admin: Madiha S (ID: 7) | Page: dashboard.php
2026-02-09 16:07:50 | Admin: Madiha S (ID: 7) | Page: add_drive.php
2026-02-09 20:52:36 | Admin: Madiha S (ID: 7) | Page: dashboard.php
2026-02-09 16:22:39 | Admin: Madiha S (ID: 7) | Page: add_drive.php
2026-02-09 21:01:15 | Admin: Madiha S (ID: 7) | Page: dashboard.php
2026-02-09 21:20:50 | Admin: Madiha S (ID: 7) | Page: dashboard.php
2026-02-09 16:50:56 | Admin: Madiha S (ID: 7) | Page: add_drive.php
2026-02-09 17:03:16 | Admin: Madiha S (ID: 7) | Page: add_drive.php
2026-02-09 17:03:20 | Admin: Madiha S (ID: 7) | Page: admin_notifications.php
2026-02-09 21:33:25 | Admin: Madiha S (ID: 7) | Page: dashboard.php
2026-02-09 21:33:47 | Admin: Madiha S (ID: 7) | Page: dashboard.php
2026-02-09 17:03:52 | Admin: Madiha S (ID: 7) | Page: add_drive.php
2026-02-09 17:08:31 | Admin: Madiha S (ID: 7) | Page: add_drive.php
2026-02-09 21:38:35 | Admin: Madiha S (ID: 7) | Page: dashboard.php
2026-02-09 18:55:28 | Admin: Madiha S (ID: 7) | Page: admin_notifications.php
2026-02-09 23:50:00 | Admin: Madiha S (ID: 7) | Page: dashboard.php
2026-02-09 19:20:16 | Admin: Madiha S (ID: 7) | Page: data_migration.php
2026-02-09 19:20:25 | Admin: Madiha S (ID: 7) | Page: internship_registered_students.php
2026-02-09 23:50:26 | Admin: Madiha S (ID: 7) | Page: dashboard.php
2026-02-09 19:20:30 | Admin: Madiha S (ID: 7) | Page: registered_students.php
2026-02-09 19:20:35 | Admin: Madiha S (ID: 7) | Page: internship_registered_students.php
2026-02-09 19:20:42 | Admin: Madiha S (ID: 7) | Page: vantage_registered_students.php
2026-02-09 19:21:02 | Admin: Madiha S (ID: 7) | Page: admin_notifications.php
2026-02-09 19:21:18 | Admin: Madiha S (ID: 7) | Page: admin_notifications.php
2026-02-09 19:21:23 | Admin: Madiha S (ID: 7) | Page: admin_notifications.php
2026-02-09 19:21:27 | Admin: Madiha S (ID: 7) | Page: admin_notifications.php
2026-02-09 19:21:30 | Admin: Madiha S (ID: 7) | Page: admin_notifications.php
2026-02-09 19:21:34 | Admin: Madiha S (ID: 7) | Page: admin_notifications.php
2026-02-09 19:21:36 | Admin: Madiha S (ID: 7) | Page: placed_students.php
2026-02-09 23:51:40 | Admin: Madiha S (ID: 7) | Page: dashboard.php
2026-02-09 19:22:02 | Admin: Madiha S (ID: 7) | Page: vantage_placed_students.php
2026-02-09 19:22:13 | Admin: Madiha S (ID: 7) | Page: vantage_registered_students.php
2026-02-09 23:52:27 | Admin: Madiha S (ID: 7) | Page: dashboard.php
2026-02-10 00:20:03 | Admin: Madiha S (ID: 7) | Page: dashboard.php
2026-02-09 19:50:28 | Admin: Madiha S (ID: 7) | Page: add_drive.php
2026-02-09 20:04:11 | Admin: Madiha S (ID: 7) | Page: enrolled_students.php
2026-02-09 20:04:37 | Admin: Madiha S (ID: 7) | Page: registered_students.php
2026-02-09 20:05:05 | Admin: Madiha S (ID: 7) | Page: placed_students.php
2026-02-09 20:05:07 | Admin: Madiha S (ID: 7) | Page: internship_registered_students.php
2026-02-09 20:05:27 | Admin: Madiha S (ID: 7) | Page: on_off_campus.php
2026-02-09 20:05:29 | Admin: Madiha S (ID: 7) | Page: course_specific_drive_data.php
2026-02-10 00:35:35 | Admin: Madiha S (ID: 7) | Page: old_files_storage.php
2026-02-09 20:05:38 | Admin: Madiha S (ID: 7) | Page: backup_module.php
2026-02-09 20:05:40 | Admin: Madiha S (ID: 7) | Page: generate_course_report.php
2026-02-09 20:05:53 | Admin: Madiha S (ID: 7) | Page: generate_course_report.php
2026-02-09 20:05:57 | Admin: Madiha S (ID: 7) | Page: generate_course_report.php
2026-02-10 00:36:00 | Admin: Madiha S (ID: 7) | Page: dashboard.php
2026-02-09 20:06:30 | Admin: Madiha S (ID: 7) | Page: add_drive.php
2026-02-10 00:39:52 | Admin: Madiha S (ID: 7) | Page: dashboard.php
2026-02-09 20:10:13 | Admin: Madiha S (ID: 7) | Page: add_drive.php
2026-02-10 00:40:21 | Admin: Madiha S (ID: 7) | Page: dashboard.php
2026-02-09 20:10:25 | Admin: Madiha S (ID: 7) | Page: registered_students.php
2026-02-09 20:10:27 | Admin: Madiha S (ID: 7) | Page: placed_students.php
2026-02-09 20:10:30 | Admin: Madiha S (ID: 7) | Page: internship_registered_students.php
2026-02-09 20:10:33 | Admin: Madiha S (ID: 7) | Page: internship_registered_students.php
2026-02-09 20:10:35 | Admin: Madiha S (ID: 7) | Page: manage_courses.php
2026-02-09 20:10:42 | Admin: Madiha S (ID: 7) | Page: generate_course_report.php
2026-02-09 20:10:49 | Admin: Madiha S (ID: 7) | Page: generate_course_report.php
2026-02-09 20:10:54 | Admin: Madiha S (ID: 7) | Page: course_specific_drive_data.php
2026-02-09 20:11:06 | Admin: Madiha S (ID: 7) | Page: on_off_campus.php
2026-02-09 20:11:15 | Admin: Madiha S (ID: 7) | Page: placed_students.php
2026-02-09 20:11:17 | Admin: Madiha S (ID: 7) | Page: registered_students.php
2026-02-10 00:42:39 | Admin: Madiha S (ID: 7) | Page: dashboard.php
2026-02-10 00:45:42 | Admin: Madiha S (ID: 7) | Page: old_files_storage.php
2026-02-09 20:16:08 | Admin: Madiha S (ID: 7) | Page: placed_students.php
2026-02-09 20:16:59 | Admin: Madiha S (ID: 7) | Page: backup_module.php
2026-02-09 20:25:28 | Admin: Madiha S (ID: 7) | Page: internship_registered_students.php
2026-02-10 00:55:33 | Admin: Madiha S (ID: 7) | Page: dashboard.php
2026-02-09 20:30:13 | Admin: Madiha S (ID: 7) | Page: add_drive.php
2026-02-10 01:00:16 | Admin: Madiha S (ID: 7) | Page: dashboard.php
2026-02-10 01:05:43 | Admin: Madiha S (ID: 7) | Page: dashboard.php
2026-02-09 20:35:49 | Admin: Madiha S (ID: 7) | Page: edit_form_fields.php
2026-02-10 01:20:40 | Admin: Madiha S (ID: 7) | Page: dashboard.php
2026-02-09 20:51:55 | Admin: Madiha S (ID: 7) | Page: add_drive.php
2026-02-10 01:21:59 | Admin: Madiha S (ID: 7) | Page: dashboard.php
2026-02-09 20:52:02 | Admin: Madiha S (ID: 7) | Page: add_drive.php
2026-02-10 01:27:18 | Admin: Madiha S (ID: 7) | Page: dashboard.php
2026-02-09 20:57:24 | Admin: Madiha S (ID: 7) | Page: add_drive.php
2026-02-09 21:14:14 | Admin: Madiha S (ID: 7) | Page: add_drive.php
2026-02-10 01:44:17 | Admin: Madiha S (ID: 7) | Page: dashboard.php
2026-02-10 01:45:01 | Admin: Madiha S (ID: 7) | Page: dashboard.php
2026-02-10 01:45:30 | Admin: Madiha S (ID: 7) | Page: dashboard.php
2026-02-10 01:45:55 | Admin: Madiha S (ID: 7) | Page: dashboard.php
2026-02-10 01:51:45 | Admin: Madiha S (ID: 7) | Page: dashboard.php
2026-02-10 01:52:39 | Admin: Madiha S (ID: 7) | Page: dashboard.php
2026-02-10 23:04:42 | Admin: Madiha S (ID: 7) | Page: dashboard.php
2026-02-10 18:34:55 | Admin: Madiha S (ID: 7) | Page: add_drive.php
2026-02-10 18:34:59 | Admin: Madiha S (ID: 7) | Page: enrolled_students.php
2026-02-10 18:35:05 | Admin: Madiha S (ID: 7) | Page: registered_students.php
2026-02-10 18:35:12 | Admin: Madiha S (ID: 7) | Page: placed_students.php
2026-02-10 18:35:15 | Admin: Madiha S (ID: 7) | Page: generate_course_report.php
2026-02-10 18:35:18 | Admin: Madiha S (ID: 7) | Page: generate_course_report.php
2026-02-10 23:05:36 | Admin: Madiha S (ID: 7) | Page: dashboard.php
2026-02-10 18:35:45 | Admin: Madiha S (ID: 7) | Page: manage_courses.php
2026-02-10 20:06:28 | Admin: Madiha S (ID: 7) | Page: data_migration.php
2026-02-11 00:38:29 | Admin: Madiha S (ID: 7) | Page: dashboard.php
2026-02-11 00:38:57 | Admin: Madiha S (ID: 7) | Page: dashboard.php
2026-02-10 20:09:20 | Admin: Madiha S (ID: 7) | Page: enrolled_students.php
2026-02-10 20:09:30 | Admin: Madiha S (ID: 7) | Page: internship_placed_students.php
2026-02-10 20:09:32 | Admin: Madiha S (ID: 7) | Page: internship_registered_students.php
2026-02-10 20:09:34 | Admin: Madiha S (ID: 7) | Page: on_off_campus.php
2026-02-10 20:09:39 | Admin: Madiha S (ID: 7) | Page: on_off_campus.php
2026-02-10 20:09:41 | Admin: Madiha S (ID: 7) | Page: on_off_campus.php
2026-02-10 20:09:41 | Admin: Madiha S (ID: 7) | Page: on_off_campus.php
2026-02-10 20:09:42 | Admin: Madiha S (ID: 7) | Page: on_off_campus.php
2026-02-10 20:09:42 | Admin: Madiha S (ID: 7) | Page: on_off_campus.php
2026-02-10 20:09:42 | Admin: Madiha S (ID: 7) | Page: on_off_campus.php
2026-02-10 20:09:42 | Admin: Madiha S (ID: 7) | Page: on_off_campus.php
2026-02-10 20:09:43 | Admin: Madiha S (ID: 7) | Page: on_off_campus.php
2026-02-10 20:10:21 | Admin: Madiha S (ID: 7) | Page: internship_registered_students.php
2026-02-10 20:10:26 | Admin: Madiha S (ID: 7) | Page: internship_placed_students.php
2026-02-10 20:10:29 | Admin: Madiha S (ID: 7) | Page: enrolled_students.php
2026-02-10 20:10:32 | Admin: Madiha S (ID: 7) | Page: registered_students.php
2026-02-10 20:10:37 | Admin: Madiha S (ID: 7) | Page: placed_students.php
2026-02-10 20:10:41 | Admin: Madiha S (ID: 7) | Page: internship_registered_students.php
2026-02-10 20:10:45 | Admin: Madiha S (ID: 7) | Page: internship_placed_students.php
2026-02-10 20:10:52 | Admin: Madiha S (ID: 7) | Page: vantage_registered_students.php
2026-02-10 20:10:57 | Admin: Madiha S (ID: 7) | Page: vantage_placed_students.php
2026-02-10 20:11:00 | Admin: Madiha S (ID: 7) | Page: on_off_campus.php
2026-02-10 20:11:06 | Admin: Madiha S (ID: 7) | Page: course_specific_drive_data.php
2026-02-11 00:41:10 | Admin: Madiha S (ID: 7) | Page: old_files_storage.php
2026-02-11 00:41:31 | Admin: Madiha S (ID: 7) | Page: old_files_storage.php
2026-02-11 00:41:55 | Admin: Madiha S (ID: 7) | Page: old_files_storage.php
2026-02-10 20:14:06 | Admin: Madiha S (ID: 7) | Page: data_migration.php
2026-02-11 12:04:16 | Admin: Madiha S (ID: 7) | Page: dashboard.php
2026-02-11 12:23:41 | Admin: Madiha S (ID: 7) | Page: dashboard.php
2026-02-11 07:55:04 | Admin: Madiha S (ID: 7) | Page: data_migration.php
2026-02-11 07:55:25 | Admin: Madiha S (ID: 7) | Page: data_migration.php
2026-02-11 07:55:41 | Admin: Madiha S (ID: 7) | Page: manage_courses.php
2026-02-11 07:55:57 | Admin: Madiha S (ID: 7) | Page: generate_course_report.php
2026-02-11 07:56:03 | Admin: Madiha S (ID: 7) | Page: generate_course_report.php
2026-02-11 07:56:07 | Admin: Madiha S (ID: 7) | Page: backup_module.php
2026-02-11 12:26:12 | Admin: Madiha S (ID: 7) | Page: old_files_storage.php
2026-02-11 07:56:15 | Admin: Madiha S (ID: 7) | Page: data_migration.php
2026-02-11 12:27:45 | Admin: Madiha S (ID: 7) | Page: dashboard.php
2026-02-11 07:57:54 | Admin: Madiha S (ID: 7) | Page: data_migration.php
2026-02-11 07:57:59 | Admin: Madiha S (ID: 7) | Page: generate_course_report.php
2026-02-11 07:58:02 | Admin: Madiha S (ID: 7) | Page: manage_courses.php
2026-02-11 07:58:13 | Admin: Madiha S (ID: 7) | Page: internship_registered_students.php
2026-02-11 07:58:14 | Admin: Madiha S (ID: 7) | Page: course_specific_drive_data.php
2026-02-11 07:58:29 | Admin: Madiha S (ID: 7) | Page: placed_students.php
2026-02-11 07:58:33 | Admin: Madiha S (ID: 7) | Page: placed_students.php
2026-02-11 07:58:38 | Admin: Madiha S (ID: 7) | Page: registered_students.php
2026-02-11 07:58:42 | Admin: Madiha S (ID: 7) | Page: enrolled_students.php
2026-02-11 12:29:11 | Admin: Madiha S (ID: 7) | Page: dashboard.php
2026-02-11 12:29:11 | Admin: Madiha S (ID: 7) | Page: dashboard.php
2026-02-11 12:29:11 | Admin: Madiha S (ID: 7) | Page: dashboard.php
2026-02-11 12:29:11 | Admin: Madiha S (ID: 7) | Page: dashboard.php
2026-02-11 12:29:11 | Admin: Madiha S (ID: 7) | Page: dashboard.php
2026-02-11 07:59:11 | Admin: Madiha S (ID: 7) | Page: registered_students.php
2026-02-11 12:29:19 | Admin: Madiha S (ID: 7) | Page: dashboard.php
2026-02-11 07:59:23 | Admin: Madiha S (ID: 7) | Page: course_specific_drive_data.php
2026-02-11 08:00:03 | Admin: Madiha S (ID: 7) | Page: on_off_campus.php
2026-02-11 08:00:28 | Admin: Madiha S (ID: 7) | Page: registered_students.php
2026-02-11 08:01:28 | Admin: Madiha S (ID: 7) | Page: placed_students.php
2026-02-11 08:01:34 | Admin: Madiha S (ID: 7) | Page: enrolled_students.php
2026-02-11 08:02:13 | Admin: Madiha S (ID: 7) | Page: registered_students.php
2026-02-11 08:02:13 | Admin: Madiha S (ID: 7) | Page: registered_students.php
2026-02-11 08:02:13 | Admin: Madiha S (ID: 7) | Page: registered_students.php
2026-02-11 08:03:57 | Admin: Madiha S (ID: 7) | Page: registered_students.php
2026-02-11 08:04:21 | Admin: Madiha S (ID: 7) | Page: registered_students.php
2026-02-11 08:05:13 | Admin: Madiha S (ID: 7) | Page: registered_students.php
2026-02-11 08:05:21 | Admin: Madiha S (ID: 7) | Page: vantage_registered_students.php
2026-02-11 08:06:34 | Admin: Madiha S (ID: 7) | Page: internship_placed_students.php
2026-02-11 08:06:42 | Admin: Madiha S (ID: 7) | Page: vantage_registered_students.php
2026-02-11 08:06:51 | Admin: Madiha S (ID: 7) | Page: internship_placed_students.php
2026-02-11 08:06:57 | Admin: Madiha S (ID: 7) | Page: vantage_placed_students.php
2026-02-11 14:39:11 | Admin: Madiha S (ID: 7) | Page: dashboard.php
2026-02-11 10:10:31 | Admin: Madiha S (ID: 7) | Page: vantage_registered_students.php
2026-02-11 10:10:38 | Admin: Madiha S (ID: 7) | Page: vantage_placed_students.php
2026-02-11 10:10:43 | Admin: Madiha S (ID: 7) | Page: course_specific_drive_data.php
2026-02-11 10:11:37 | Admin: Madiha S (ID: 7) | Page: generate_course_report.php
2026-02-11 10:11:41 | Admin: Madiha S (ID: 7) | Page: generate_course_report.php
2026-02-11 10:12:41 | Admin: Madiha S (ID: 7) | Page: data_migration.php
2026-02-11 10:12:52 | Admin: Madiha S (ID: 7) | Page: on_off_campus.php
2026-02-11 10:13:35 | Admin: Madiha S (ID: 7) | Page: vantage_placed_students.php
2026-02-11 10:13:40 | Admin: Madiha S (ID: 7) | Page: internship_placed_students.php
2026-02-11 10:14:34 | Admin: Madiha S (ID: 7) | Page: manage_courses.php
2026-02-11 10:15:30 | Admin: Madiha S (ID: 7) | Page: generate_course_report.php
2026-02-11 14:45:32 | Admin: Madiha S (ID: 7) | Page: dashboard.php
2026-02-11 10:16:01 | Admin: Madiha S (ID: 7) | Page: admin_notifications.php
2026-02-11 10:23:45 | Admin: Madiha S (ID: 7) | Page: course_specific_drive_data.php
2026-02-11 14:54:08 | Admin: Madiha S (ID: 7) | Page: dashboard.php
2026-02-11 14:55:18 | Admin: Madiha S (ID: 7) | Page: dashboard.php
2026-02-11 14:56:07 | Admin: Madiha S (ID: 7) | Page: dashboard.php
2026-02-11 10:26:19 | Admin: Madiha S (ID: 7) | Page: course_specific_drive_data.php
2026-02-11 10:26:29 | Admin: Madiha S (ID: 7) | Page: registered_students.php
2026-02-11 10:26:35 | Admin: Madiha S (ID: 7) | Page: generate_course_report.php
2026-02-11 10:26:39 | Admin: Madiha S (ID: 7) | Page: manage_courses.php
2026-02-11 10:26:43 | Admin: Madiha S (ID: 7) | Page: data_migration.php
2026-02-11 14:56:48 | Admin: Madiha S (ID: 7) | Page: dashboard.php
2026-02-11 10:26:58 | Admin: Madiha S (ID: 7) | Page: placed_students.php
2026-02-11 10:27:00 | Admin: Madiha S (ID: 7) | Page: registered_students.php
2026-02-11 10:27:05 | Admin: Madiha S (ID: 7) | Page: registered_students.php
2026-02-11 10:27:34 | Admin: Madiha S (ID: 7) | Page: data_migration.php
2026-02-11 10:28:15 | Admin: Madiha S (ID: 7) | Page: registered_students.php
2026-02-11 10:28:20 | Admin: Madiha S (ID: 7) | Page: backup_module.php
2026-02-11 10:28:29 | Admin: Madiha S (ID: 7) | Page: on_off_campus.php
2026-02-11 10:28:34 | Admin: Madiha S (ID: 7) | Page: on_off_campus.php
2026-02-11 10:29:23 | Admin: Madiha S (ID: 7) | Page: registered_students.php
2026-02-11 14:59:48 | Admin: Madiha S (ID: 7) | Page: dashboard.php
2026-02-11 10:30:08 | Admin: Madiha S (ID: 7) | Page: registered_students.php
2026-02-11 10:30:15 | Admin: Madiha S (ID: 7) | Page: registered_students.php
2026-02-11 10:30:24 | Admin: Madiha S (ID: 7) | Page: placed_students.php
2026-02-11 10:30:27 | Admin: Madiha S (ID: 7) | Page: registered_students.php
2026-02-11 10:30:49 | Admin: Madiha S (ID: 7) | Page: registered_students.php
2026-02-11 15:00:50 | Admin: Madiha S (ID: 7) | Page: dashboard.php
2026-02-11 15:00:58 | Admin: Madiha S (ID: 7) | Page: dashboard.php
2026-02-11 10:31:06 | Admin: Madiha S (ID: 7) | Page: placed_students.php
2026-02-11 10:31:10 | Admin: Madiha S (ID: 7) | Page: placed_students.php
2026-02-11 15:01:10 | Admin: Madiha S (ID: 7) | Page: dashboard.php
2026-02-11 15:01:17 | Admin: Madiha S (ID: 7) | Page: dashboard.php
2026-02-11 10:32:18 | Admin: Madiha S (ID: 7) | Page: internship_registered_students.php
2026-02-11 10:32:19 | Admin: Madiha S (ID: 7) | Page: registered_students.php
2026-02-11 10:32:20 | Admin: Madiha S (ID: 7) | Page: registered_students.php
2026-02-11 10:32:23 | Admin: Madiha S (ID: 7) | Page: internship_registered_students.php
2026-02-11 15:02:45 | Admin: Madiha S (ID: 7) | Page: dashboard.php
2026-02-11 10:33:31 | Admin: Madiha S (ID: 7) | Page: add_drive.php
2026-02-11 10:34:24 | Admin: Madiha S (ID: 7) | Page: enrolled_students.php
2026-02-11 15:04:35 | Admin: Madiha S (ID: 7) | Page: dashboard.php
2026-02-11 10:35:19 | Admin: Madiha S (ID: 7) | Page: admin_notifications.php
2026-02-11 10:35:19 | Admin: Madiha S (ID: 7) | Page: admin_notifications.php
2026-02-11 15:08:13 | Admin: Madiha S (ID: 7) | Page: dashboard.php
2026-02-11 15:08:16 | Admin: Madiha S (ID: 7) | Page: dashboard.php
2026-02-11 15:08:17 | Admin: Madiha S (ID: 7) | Page: dashboard.php
2026-02-11 15:08:18 | Admin: Madiha S (ID: 7) | Page: dashboard.php
2026-02-11 15:08:19 | Admin: Madiha S (ID: 7) | Page: dashboard.php
2026-02-11 10:38:21 | Admin: Madiha S (ID: 7) | Page: placed_students.php
2026-02-11 10:38:25 | Admin: Madiha S (ID: 7) | Page: placed_students.php
2026-02-11 10:49:15 | Admin: Madiha S (ID: 7) | Page: placed_students.php
2026-02-11 15:19:20 | Admin: Madiha S (ID: 7) | Page: dashboard.php
2026-02-11 15:19:35 | Admin: Madiha S (ID: 7) | Page: dashboard.php
2026-02-11 15:19:56 | Admin: Madiha S (ID: 7) | Page: dashboard.php
2026-02-11 15:19:58 | Admin: Madiha S (ID: 7) | Page: dashboard.php
2026-02-11 15:19:58 | Admin: Madiha S (ID: 7) | Page: dashboard.php
2026-02-11 10:50:02 | Admin: Madiha S (ID: 7) | Page: placed_students.php
2026-02-11 10:50:08 | Admin: Madiha S (ID: 7) | Page: placed_students.php
2026-02-11 15:20:53 | Admin: Madiha S (ID: 7) | Page: dashboard.php
2026-02-11 10:50:58 | Admin: Madiha S (ID: 7) | Page: registered_students.php
2026-02-11 10:51:04 | Admin: Madiha S (ID: 7) | Page: placed_students.php
2026-02-11 15:22:38 | Admin: Madiha S (ID: 7) | Page: dashboard.php
2026-02-11 15:23:08 | Admin: Madiha S (ID: 7) | Page: dashboard.php
2026-02-11 15:23:12 | Admin: Madiha S (ID: 7) | Page: dashboard.php
2026-02-11 15:23:14 | Admin: Madiha S (ID: 7) | Page: dashboard.php
2026-02-11 15:23:15 | Admin: Madiha S (ID: 7) | Page: dashboard.php
2026-02-11 15:28:23 | Admin: Madiha S (ID: 7) | Page: dashboard.php
2026-02-11 15:35:48 | Admin: Madiha S (ID: 7) | Page: dashboard.php
2026-02-11 15:38:03 | Admin: Madiha S (ID: 7) | Page: dashboard.php
2026-02-11 11:08:19 | Admin: Madiha S (ID: 7) | Page: placed_students.php
2026-02-11 11:08:21 | Admin: Madiha S (ID: 7) | Page: registered_students.php
2026-02-11 11:09:41 | Admin: Madiha S (ID: 7) | Page: placed_students.php
2026-02-11 11:09:51 | Admin: Madiha S (ID: 7) | Page: placed_students.php
2026-02-11 11:17:40 | Admin: Madiha S (ID: 7) | Page: placed_students.php
2026-02-11 11:17:42 | Admin: Madiha S (ID: 7) | Page: placed_students.php
2026-02-11 11:17:52 | Admin: Madiha S (ID: 7) | Page: placed_students.php
2026-02-11 15:47:56 | Admin: Madiha S (ID: 7) | Page: dashboard.php
2026-02-11 15:47:57 | Admin: Madiha S (ID: 7) | Page: dashboard.php
2026-02-11 15:54:27 | Admin: Madiha S (ID: 7) | Page: dashboard.php
2026-02-11 15:54:29 | Admin: Madiha S (ID: 7) | Page: dashboard.php
2026-02-11 15:54:32 | Admin: Madiha S (ID: 7) | Page: dashboard.php
2026-02-11 11:24:37 | Admin: Madiha S (ID: 7) | Page: placed_students.php
2026-02-11 11:24:47 | Admin: Madiha S (ID: 7) | Page: manage_rounds.php
2026-02-11 15:54:50 | Admin: Madiha S (ID: 7) | Page: dashboard.php
2026-02-11 11:24:57 | Admin: Madiha S (ID: 7) | Page: placed_students.php
2026-02-11 11:24:58 | Admin: Madiha S (ID: 7) | Page: placed_students.php
2026-02-11 11:27:02 | Admin: Madiha S (ID: 7) | Page: placed_students.php
2026-02-11 11:29:03 | Admin: Madiha S (ID: 7) | Page: placed_students.php
2026-02-11 15:59:10 | Admin: Madiha S (ID: 7) | Page: dashboard.php
2026-02-11 15:59:11 | Admin: Madiha S (ID: 7) | Page: dashboard.php
2026-02-11 15:59:12 | Admin: Madiha S (ID: 7) | Page: dashboard.php
2026-02-11 15:59:12 | Admin: Madiha S (ID: 7) | Page: dashboard.php
2026-02-11 15:59:12 | Admin: Madiha S (ID: 7) | Page: dashboard.php
2026-02-11 15:59:13 | Admin: Madiha S (ID: 7) | Page: dashboard.php
2026-02-11 16:03:04 | Admin: Madiha S (ID: 7) | Page: dashboard.php
2026-02-11 11:33:49 | Admin: Madiha S (ID: 7) | Page: placed_students.php
2026-02-11 11:34:44 | Admin: Madiha S (ID: 7) | Page: placed_students.php
2026-02-11 11:34:46 | Admin: Madiha S (ID: 7) | Page: placed_students.php
2026-02-11 11:34:47 | Admin: Madiha S (ID: 7) | Page: placed_students.php
2026-02-11 11:34:49 | Admin: Madiha S (ID: 7) | Page: placed_students.php
2026-02-11 16:04:51 | Admin: Madiha S (ID: 7) | Page: dashboard.php
2026-02-11 16:04:52 | Admin: Madiha S (ID: 7) | Page: dashboard.php
2026-02-11 16:04:55 | Admin: Madiha S (ID: 7) | Page: dashboard.php
2026-02-11 16:08:56 | Admin: Madiha S (ID: 7) | Page: dashboard.php
2026-02-11 11:39:58 | Admin: Madiha S (ID: 7) | Page: registered_students.php
2026-02-11 11:40:04 | Admin: Madiha S (ID: 7) | Page: placed_students.php
2026-02-11 16:10:09 | Admin: Madiha S (ID: 7) | Page: dashboard.php
2026-02-11 16:10:35 | Admin: Madiha S (ID: 7) | Page: dashboard.php
2026-02-11 16:12:18 | Admin: Madiha S (ID: 7) | Page: dashboard.php
2026-02-11 16:13:35 | Admin: Madiha S (ID: 7) | Page: dashboard.php
2026-02-11 16:13:37 | Admin: Madiha S (ID: 7) | Page: dashboard.php
2026-02-11 11:43:51 | Admin: Madiha S (ID: 7) | Page: placed_students.php
2026-02-11 11:44:02 | Admin: Madiha S (ID: 7) | Page: placed_students.php
2026-02-11 11:44:06 | Admin: Madiha S (ID: 7) | Page: placed_students.php
2026-02-11 11:44:31 | Admin: Madiha S (ID: 7) | Page: placed_students.php
2026-02-11 11:46:31 | Admin: Madiha S (ID: 7) | Page: placed_students.php
2026-02-11 16:16:36 | Admin: Madiha S (ID: 7) | Page: dashboard.php
2026-02-11 11:46:38 | Admin: Madiha S (ID: 7) | Page: registered_students.php
2026-02-11 11:46:44 | Admin: Madiha S (ID: 7) | Page: placed_students.php
2026-02-11 11:46:46 | Admin: Madiha S (ID: 7) | Page: placed_students.php
2026-02-11 11:46:49 | Admin: Madiha S (ID: 7) | Page: placed_students.php
2026-02-11 11:47:16 | Admin: Madiha S (ID: 7) | Page: placed_students.php
2026-02-11 11:47:18 | Admin: Madiha S (ID: 7) | Page: placed_students.php
2026-02-11 11:47:21 | Admin: Madiha S (ID: 7) | Page: placed_students.php
2026-02-11 11:47:23 | Admin: Madiha S (ID: 7) | Page: placed_students.php
2026-02-11 11:47:25 | Admin: Madiha S (ID: 7) | Page: placed_students.php
2026-02-11 11:51:15 | Admin: Madiha S (ID: 7) | Page: placed_students.php
2026-02-11 16:21:23 | Admin: Madiha S (ID: 7) | Page: dashboard.php
2026-02-11 11:52:24 | Admin: Madiha S (ID: 7) | Page: placed_students.php
2026-02-11 11:53:57 | Admin: Madiha S (ID: 7) | Page: internship_registered_students.php
2026-02-11 11:54:00 | Admin: Madiha S (ID: 7) | Page: internship_placed_students.php
2026-02-11 11:54:02 | Admin: Madiha S (ID: 7) | Page: registered_students.php
2026-02-11 11:54:26 | Admin: Madiha S (ID: 7) | Page: placed_students.php
2026-02-11 11:54:27 | Admin: Madiha S (ID: 7) | Page: internship_registered_students.php
2026-02-11 11:54:29 | Admin: Madiha S (ID: 7) | Page: placed_students.php
2026-02-11 11:54:30 | Admin: Madiha S (ID: 7) | Page: registered_students.php
2026-02-11 11:54:31 | Admin: Madiha S (ID: 7) | Page: manage_rounds.php
2026-02-11 11:54:41 | Admin: Madiha S (ID: 7) | Page: manage_rounds.php
2026-02-11 11:54:45 | Admin: Madiha S (ID: 7) | Page: manage_rounds.php
2026-02-11 11:56:10 | Admin: Madiha S (ID: 7) | Page: manage_rounds.php
2026-02-11 11:56:11 | Admin: Madiha S (ID: 7) | Page: manage_rounds.php
2026-02-11 11:56:20 | Admin: Madiha S (ID: 7) | Page: enrolled_students.php
2026-02-11 16:26:22 | Admin: Madiha S (ID: 7) | Page: dashboard.php
2026-02-11 11:56:33 | Admin: Madiha S (ID: 7) | Page: add_drive.php
2026-02-11 11:56:33 | Admin: Madiha S (ID: 7) | Page: enrolled_students.php
2026-02-11 11:56:34 | Admin: Madiha S (ID: 7) | Page: manage_rounds.php
2026-02-11 16:26:37 | Admin: Madiha S (ID: 7) | Page: dashboard.php
2026-02-11 11:56:42 | Admin: Madiha S (ID: 7) | Page: placed_students.php
2026-02-11 11:59:16 | Admin: Madiha S (ID: 7) | Page: placed_students.php
2026-02-11 16:29:43 | Admin: Madiha S (ID: 7) | Page: dashboard.php
2026-02-11 17:05:09 | Admin: Madiha S (ID: 7) | Page: dashboard.php
2026-02-11 12:35:15 | Admin: Madiha S (ID: 7) | Page: generate_course_report.php
2026-02-11 12:35:19 | Admin: Madiha S (ID: 7) | Page: generate_course_report.php
2026-02-11 17:10:38 | Admin: Madiha S (ID: 7) | Page: dashboard.php
2026-02-11 12:40:47 | Admin: Madiha S (ID: 7) | Page: generate_course_report.php
2026-02-11 17:11:04 | Admin: Madiha S (ID: 7) | Page: dashboard.php
2026-02-11 12:41:06 | Admin: Madiha S (ID: 7) | Page: enrolled_students.php
2026-02-11 21:04:24 | Admin: Madiha S (ID: 7) | Page: dashboard.php
2026-02-11 16:34:34 | Admin: Madiha S (ID: 7) | Page: manage_rounds.php
2026-02-11 16:34:36 | Admin: Madiha S (ID: 7) | Page: manage_rounds.php
2026-02-11 16:34:51 | Admin: Madiha S (ID: 7) | Page: on_off_campus.php
2026-02-11 16:35:00 | Admin: Madiha S (ID: 7) | Page: data_migration.php
2026-02-11 16:35:38 | Admin: Madiha S (ID: 7) | Page: manage_courses.php
2026-02-11 16:35:40 | Admin: Madiha S (ID: 7) | Page: generate_course_report.php
2026-02-11 16:35:47 | Admin: Madiha S (ID: 7) | Page: generate_course_report.php
2026-02-11 21:07:46 | Admin: Madiha S (ID: 7) | Page: dashboard.php
2026-02-11 16:38:09 | Admin: Madiha S (ID: 7) | Page: registered_students.php
2026-02-11 16:39:29 | Admin: Madiha S (ID: 7) | Page: placed_students.php
2026-02-11 16:42:00 | Admin: Madiha S (ID: 7) | Page: generate_course_report.php
2026-02-11 16:42:06 | Admin: Madiha S (ID: 7) | Page: generate_course_report.php
2026-02-11 16:42:16 | Admin: Madiha S (ID: 7) | Page: generate_course_report.php
2026-02-11 16:46:05 | Admin: Madiha S (ID: 7) | Page: generate_course_report.php
2026-02-11 16:46:14 | Admin: Madiha S (ID: 7) | Page: generate_course_report.php
2026-02-11 16:47:09 | Admin: Madiha S (ID: 7) | Page: generate_course_report.php
2026-02-11 16:47:15 | Admin: Madiha S (ID: 7) | Page: backup_module.php
2026-02-11 16:47:20 | Admin: Madiha S (ID: 7) | Page: course_specific_drive_data.php
2026-02-11 16:47:27 | Admin: Madiha S (ID: 7) | Page: course_specific_drive_data.php
2026-02-11 16:53:42 | Admin: Madiha S (ID: 7) | Page: course_specific_drive_data.php
2026-02-11 16:54:12 | Admin: Madiha S (ID: 7) | Page: course_specific_drive_data.php
2026-02-11 16:55:31 | Admin: Madiha S (ID: 7) | Page: generate_course_report.php
2026-02-11 16:55:37 | Admin: Madiha S (ID: 7) | Page: generate_course_report.php
2026-02-11 16:56:35 | Admin: Madiha S (ID: 7) | Page: generate_course_report.php
2026-02-11 16:57:05 | Admin: Madiha S (ID: 7) | Page: backup_module.php
2026-02-11 21:27:07 | Admin: Madiha S (ID: 7) | Page: old_files_storage.php
2026-02-11 16:57:25 | Admin: Madiha S (ID: 7) | Page: course_specific_drive_data.php
2026-02-11 16:57:29 | Admin: Madiha S (ID: 7) | Page: on_off_campus.php
2026-02-11 16:58:12 | Admin: Madiha S (ID: 7) | Page: vantage_placed_students.php
2026-02-11 16:58:30 | Admin: Madiha S (ID: 7) | Page: registered_students.php
2026-02-11 16:59:55 | Admin: Madiha S (ID: 7) | Page: registered_students.php
2026-02-11 21:30:01 | Admin: Madiha S (ID: 7) | Page: dashboard.php
2026-02-11 17:00:40 | Admin: Madiha S (ID: 7) | Page: placed_students.php
2026-02-11 17:00:45 | Admin: Madiha S (ID: 7) | Page: placed_students.php
2026-02-11 17:00:46 | Admin: Madiha S (ID: 7) | Page: placed_students.php
2026-02-11 17:01:02 | Admin: Madiha S (ID: 7) | Page: placed_students.php
2026-02-11 17:01:03 | Admin: Madiha S (ID: 7) | Page: placed_students.php
2026-02-11 17:01:41 | Admin: Madiha S (ID: 7) | Page: generate_course_report.php
2026-02-11 17:01:49 | Admin: Madiha S (ID: 7) | Page: enrolled_students.php
2026-02-11 17:01:55 | Admin: Madiha S (ID: 7) | Page: registered_students.php
2026-02-11 17:02:22 | Admin: Madiha S (ID: 7) | Page: placed_students.php
2026-02-11 17:02:23 | Admin: Madiha S (ID: 7) | Page: placed_students.php
2026-02-11 21:33:14 | Admin: Madiha S (ID: 7) | Page: dashboard.php
2026-02-11 21:33:17 | Admin: Madiha S (ID: 7) | Page: dashboard.php
2026-02-11 17:05:20 | Admin: Madiha S (ID: 7) | Page: placed_students.php
2026-02-11 21:36:41 | Admin: Madiha S (ID: 7) | Page: dashboard.php
2026-02-11 21:36:53 | Admin: Madiha S (ID: 7) | Page: dashboard.php
2026-02-11 21:37:14 | Admin: Madiha S (ID: 7) | Page: dashboard.php
2026-02-11 17:08:48 | Admin: Madiha S (ID: 7) | Page: placed_students.php
2026-02-11 17:08:54 | Admin: Madiha S (ID: 7) | Page: registered_students.php
2026-02-11 17:09:04 | Admin: Madiha S (ID: 7) | Page: placed_students.php
2026-02-11 21:40:24 | Admin: Madiha S (ID: 7) | Page: dashboard.php
2026-02-11 17:10:28 | Admin: Madiha S (ID: 7) | Page: registered_students.php
2026-02-11 17:10:37 | Admin: Madiha S (ID: 7) | Page: registered_students.php
2026-02-11 21:40:51 | Admin: Madiha S (ID: 7) | Page: dashboard.php
2026-02-11 21:40:57 | Admin: Madiha S (ID: 7) | Page: dashboard.php
2026-02-11 21:41:26 | Admin: Madiha S (ID: 7) | Page: dashboard.php
2026-02-11 17:11:29 | Admin: Madiha S (ID: 7) | Page: placed_students.php
2026-02-11 17:11:39 | Admin: Madiha S (ID: 7) | Page: registered_students.php
2026-02-11 17:12:03 | Admin: Madiha S (ID: 7) | Page: registered_students.php
2026-02-11 17:12:18 | Admin: Madiha S (ID: 7) | Page: manage_rounds.php
2026-02-11 17:12:21 | Admin: Madiha S (ID: 7) | Page: manage_rounds.php
2026-02-11 17:13:12 | Admin: Madiha S (ID: 7) | Page: placed_students.php
2026-02-11 17:13:29 | Admin: Madiha S (ID: 7) | Page: registered_students.php
2026-02-11 17:14:44 | Admin: Madiha S (ID: 7) | Page: manage_rounds.php
2026-02-11 17:14:46 | Admin: Madiha S (ID: 7) | Page: manage_rounds.php
2026-02-11 17:16:16 | Admin: Madiha S (ID: 7) | Page: add_drive.php
2026-02-11 17:20:43 | Admin: Madiha S (ID: 7) | Page: add_drive.php
2026-02-11 21:50:45 | Admin: Madiha S (ID: 7) | Page: dashboard.php
2026-02-11 17:35:00 | Admin: Madiha S (ID: 7) | Page: placed_students.php
2026-02-11 17:35:23 | Admin: Madiha S (ID: 7) | Page: registered_students.php
2026-02-11 17:36:18 | Admin: Madiha S (ID: 7) | Page: placed_students.php
2026-02-11 17:38:47 | Admin: Madiha S (ID: 7) | Page: placed_students.php
2026-02-11 17:38:57 | Admin: Madiha S (ID: 7) | Page: registered_students.php
2026-02-11 22:09:24 | Admin: Madiha S (ID: 7) | Page: dashboard.php
2026-02-11 17:40:07 | Admin: Madiha S (ID: 7) | Page: registered_students.php
2026-02-11 17:45:41 | Admin: Madiha S (ID: 7) | Page: placed_students.php
2026-02-11 17:45:44 | Admin: Madiha S (ID: 7) | Page: registered_students.php
2026-02-11 17:45:47 | Admin: Madiha S (ID: 7) | Page: placed_students.php
2026-02-11 22:17:07 | Admin: Madiha S (ID: 7) | Page: dashboard.php
2026-02-11 22:28:07 | Admin: Madiha S (ID: 7) | Page: dashboard.php
2026-02-11 22:29:32 | Admin: Madiha S (ID: 7) | Page: dashboard.php
2026-02-11 18:01:53 | Admin: Madiha S (ID: 7) | Page: add_drive.php
2026-02-11 22:31:54 | Admin: Madiha S (ID: 7) | Page: dashboard.php
2026-02-11 18:03:10 | Admin: Madiha S (ID: 7) | Page: course_specific_drive_data.php
2026-02-11 18:05:07 | Admin: Madiha S (ID: 7) | Page: generate_course_report.php
2026-02-11 18:05:14 | Admin: Madiha S (ID: 7) | Page: generate_course_report.php
2026-02-11 18:05:25 | Admin: Madiha S (ID: 7) | Page: course_specific_drive_data.php
2026-02-11 18:05:29 | Admin: Madiha S (ID: 7) | Page: course_specific_drive_data.php
2026-02-11 18:05:36 | Admin: Madiha S (ID: 7) | Page: course_specific_drive_data.php
2026-02-11 18:05:44 | Admin: Madiha S (ID: 7) | Page: course_specific_drive_data.php
2026-02-11 22:36:14 | Admin: Madiha S (ID: 7) | Page: old_files_storage.php
2026-02-11 18:06:17 | Admin: Madiha S (ID: 7) | Page: generate_course_report.php
2026-02-11 18:06:31 | Admin: Madiha S (ID: 7) | Page: generate_course_report.php
2026-02-11 22:36:35 | Admin: Madiha S (ID: 7) | Page: dashboard.php
2026-02-11 22:38:55 | Admin: Madiha S (ID: 7) | Page: dashboard.php
2026-02-11 18:09:05 | Admin: Madiha S (ID: 7) | Page: generate_course_report.php
2026-02-11 18:09:08 | Admin: Madiha S (ID: 7) | Page: course_specific_drive_data.php
2026-02-11 18:09:17 | Admin: Madiha S (ID: 7) | Page: course_specific_drive_data.php
2026-02-11 18:09:31 | Admin: Madiha S (ID: 7) | Page: generate_course_report.php
2026-02-11 18:09:36 | Admin: Madiha S (ID: 7) | Page: generate_course_report.php
2026-02-11 18:10:56 | Admin: Madiha S (ID: 7) | Page: course_specific_drive_data.php
2026-02-11 18:11:02 | Admin: Madiha S (ID: 7) | Page: course_specific_drive_data.php
2026-02-11 22:41:31 | Admin: Madiha S (ID: 7) | Page: old_files_storage.php
2026-02-11 18:11:33 | Admin: Madiha S (ID: 7) | Page: backup_module.php
2026-02-11 22:41:59 | Admin: Madiha S (ID: 7) | Page: dashboard.php
2026-02-11 22:44:23 | Admin: Madiha S (ID: 7) | Page: dashboard.php
2026-02-11 22:44:27 | Admin: Madiha S (ID: 7) | Page: dashboard.php
2026-02-11 18:14:28 | Admin: Madiha S (ID: 7) | Page: enrolled_students.php
2026-02-11 18:14:43 | Admin: Madiha S (ID: 7) | Page: manage_rounds.php
2026-02-11 18:14:43 | Admin: Madiha S (ID: 7) | Page: registered_students.php
2026-02-11 22:44:43 | Admin: Madiha S (ID: 7) | Page: old_files_storage.php
2026-02-11 18:14:43 | Admin: Madiha S (ID: 7) | Page: manage_courses.php
2026-02-11 18:14:47 | Admin: Madiha S (ID: 7) | Page: data_migration.php
2026-02-11 22:44:57 | Admin: Madiha S (ID: 7) | Page: dashboard.php
2026-02-11 22:45:12 | Admin: Madiha S (ID: 7) | Page: dashboard.php
2026-02-11 22:45:16 | Admin: Madiha S (ID: 7) | Page: dashboard.php
2026-02-11 18:15:32 | Admin: Madiha S (ID: 7) | Page: add_drive.php
2026-02-11 18:15:52 | Admin: Madiha S (ID: 7) | Page: enrolled_students.php
2026-02-11 22:46:01 | Admin: Madiha S (ID: 7) | Page: dashboard.php
2026-02-11 18:16:16 | Admin: Madiha S (ID: 7) | Page: manage_rounds.php
2026-02-11 18:16:16 | Admin: Madiha S (ID: 7) | Page: manage_rounds.php
2026-02-11 18:16:16 | Admin: Madiha S (ID: 7) | Page: manage_rounds.php
2026-02-11 18:16:16 | Admin: Madiha S (ID: 7) | Page: manage_rounds.php
2026-02-11 18:16:26 | Admin: Madiha S (ID: 7) | Page: admin_notifications.php
2026-02-11 22:46:32 | Admin: Madiha S (ID: 7) | Page: dashboard.php
2026-02-11 18:16:36 | Admin: Madiha S (ID: 7) | Page: admin_notifications.php
2026-02-11 18:16:39 | Admin: Madiha S (ID: 7) | Page: add_drive.php
2026-02-11 18:16:41 | Admin: Madiha S (ID: 7) | Page: enrolled_students.php
2026-02-11 18:16:44 | Admin: Madiha S (ID: 7) | Page: manage_rounds.php
2026-02-11 18:16:52 | Admin: Madiha S (ID: 7) | Page: registered_students.php
2026-02-11 18:16:57 | Admin: Madiha S (ID: 7) | Page: add_drive.php
2026-02-11 18:17:36 | Admin: Madiha S (ID: 7) | Page: vantage_registered_students.php
2026-02-11 18:17:39 | Admin: Madiha S (ID: 7) | Page: vantage_placed_students.php
2026-02-11 18:17:43 | Admin: Madiha S (ID: 7) | Page: on_off_campus.php
2026-02-11 18:17:45 | Admin: Madiha S (ID: 7) | Page: internship_placed_students.php
2026-02-11 18:17:47 | Admin: Madiha S (ID: 7) | Page: on_off_campus.php
2026-02-11 18:17:55 | Admin: Madiha S (ID: 7) | Page: internship_placed_students.php
2026-02-11 18:17:57 | Admin: Madiha S (ID: 7) | Page: internship_registered_students.php
2026-02-11 18:17:59 | Admin: Madiha S (ID: 7) | Page: placed_students.php
2026-02-11 18:18:37 | Admin: Madiha S (ID: 7) | Page: enrolled_students.php
2026-02-11 18:18:58 | Admin: Madiha S (ID: 7) | Page: manage_rounds.php
2026-02-11 18:19:06 | Admin: Madiha S (ID: 7) | Page: registered_students.php
2026-02-11 18:19:09 | Admin: Madiha S (ID: 7) | Page: enrolled_students.php
2026-02-11 18:19:12 | Admin: Madiha S (ID: 7) | Page: placed_students.php
2026-02-11 22:49:20 | Admin: Madiha S (ID: 7) | Page: dashboard.php
2026-02-11 18:19:20 | Admin: Madiha S (ID: 7) | Page: registered_students.php
2026-02-11 18:19:46 | Admin: Madiha S (ID: 7) | Page: registered_students.php
2026-02-11 18:19:50 | Admin: Madiha S (ID: 7) | Page: internship_placed_students.php
2026-02-11 18:19:54 | Admin: Madiha S (ID: 7) | Page: internship_placed_students.php
2026-02-11 18:19:56 | Admin: Madiha S (ID: 7) | Page: vantage_registered_students.php
2026-02-11 18:20:00 | Admin: Madiha S (ID: 7) | Page: on_off_campus.php
2026-02-11 18:20:15 | Admin: Madiha S (ID: 7) | Page: enrolled_students.php
2026-02-11 18:20:40 | Admin: Madiha S (ID: 7) | Page: enrolled_students.php
2026-02-11 22:50:46 | Admin: Madiha S (ID: 7) | Page: dashboard.php
2026-02-11 18:20:55 | Admin: Madiha S (ID: 7) | Page: add_drive.php
2026-02-11 18:24:20 | Admin: Madiha S (ID: 7) | Page: add_drive.php
2026-02-11 22:54:32 | Admin: Madiha S (ID: 7) | Page: dashboard.php
2026-02-11 18:24:39 | Admin: Madiha S (ID: 7) | Page: course_specific_drive_data.php
2026-02-11 22:54:46 | Admin: Madiha S (ID: 7) | Page: old_files_storage.php
2026-02-11 18:24:48 | Admin: Madiha S (ID: 7) | Page: backup_module.php
2026-02-11 18:24:50 | Admin: Madiha S (ID: 7) | Page: generate_course_report.php
2026-02-11 18:24:57 | Admin: Madiha S (ID: 7) | Page: generate_course_report.php
2026-02-11 22:55:01 | Admin: Madiha S (ID: 7) | Page: dashboard.php
2026-02-11 22:55:12 | Admin: Madiha S (ID: 7) | Page: dashboard.php
2026-02-11 18:25:31 | Admin: Madiha S (ID: 7) | Page: generate_course_report.php
2026-02-11 18:25:42 | Admin: Madiha S (ID: 7) | Page: generate_course_report.php
2026-02-11 18:25:49 | Admin: Madiha S (ID: 7) | Page: placed_students.php
2026-02-11 18:25:53 | Admin: Madiha S (ID: 7) | Page: generate_course_report.php
2026-02-11 22:55:53 | Admin: Madiha S (ID: 7) | Page: dashboard.php
2026-02-11 18:26:01 | Admin: Madiha S (ID: 7) | Page: generate_course_report.php
2026-02-11 18:26:08 | Admin: Madiha S (ID: 7) | Page: generate_course_report.php
2026-02-11 18:26:17 | Admin: Madiha S (ID: 7) | Page: generate_course_report.php
2026-02-11 22:56:18 | Admin: Madiha S (ID: 7) | Page: dashboard.php
2026-02-11 18:26:20 | Admin: Madiha S (ID: 7) | Page: generate_course_report.php
2026-02-11 18:26:33 | Admin: Madiha S (ID: 7) | Page: registered_students.php
2026-02-11 18:26:34 | Admin: Madiha S (ID: 7) | Page: manage_courses.php
2026-02-11 22:56:39 | Admin: Madiha S (ID: 7) | Page: dashboard.php
2026-02-11 18:26:46 | Admin: Madiha S (ID: 7) | Page: admin_notifications.php
2026-02-11 22:56:58 | Admin: Madiha S (ID: 7) | Page: dashboard.php
2026-02-11 18:27:36 | Admin: Madiha S (ID: 7) | Page: registered_students.php
2026-02-11 22:57:43 | Admin: Madiha S (ID: 7) | Page: dashboard.php
2026-02-11 22:58:01 | Admin: Madiha S (ID: 7) | Page: dashboard.php
2026-02-11 22:58:48 | Admin: Madiha S (ID: 7) | Page: dashboard.php
2026-02-11 18:29:01 | Admin: Madiha S (ID: 7) | Page: registered_students.php
2026-02-11 22:59:09 | Admin: Madiha S (ID: 7) | Page: dashboard.php
2026-02-11 18:29:13 | Admin: Madiha S (ID: 7) | Page: registered_students.php
2026-02-11 18:29:23 | Admin: Madiha S (ID: 7) | Page: placed_students.php
2026-02-11 18:29:24 | Admin: Madiha S (ID: 7) | Page: internship_registered_students.php
2026-02-11 18:29:26 | Admin: Madiha S (ID: 7) | Page: internship_placed_students.php
2026-02-11 18:29:29 | Admin: Madiha S (ID: 7) | Page: vantage_registered_students.php
2026-02-11 18:29:32 | Admin: Madiha S (ID: 7) | Page: on_off_campus.php
2026-02-11 18:30:04 | Admin: Madiha S (ID: 7) | Page: course_specific_drive_data.php
2026-02-11 23:01:34 | Admin: Madiha S (ID: 7) | Page: old_files_storage.php
2026-02-11 18:31:36 | Admin: Madiha S (ID: 7) | Page: backup_module.php
2026-02-11 18:31:38 | Admin: Madiha S (ID: 7) | Page: generate_course_report.php
2026-02-11 23:01:44 | Admin: Madiha S (ID: 7) | Page: dashboard.php
2026-02-11 18:31:45 | Admin: Madiha S (ID: 7) | Page: generate_course_report.php
2026-02-11 18:31:50 | Admin: Madiha S (ID: 7) | Page: registered_students.php
2026-02-11 18:31:59 | Admin: Madiha S (ID: 7) | Page: registered_students.php
2026-02-11 18:32:13 | Admin: Madiha S (ID: 7) | Page: generate_course_report.php
2026-02-11 18:33:37 | Admin: Madiha S (ID: 7) | Page: placed_students.php
2026-02-11 18:34:00 | Admin: Madiha S (ID: 7) | Page: manage_courses.php
2026-02-11 23:04:09 | Admin: Madiha S (ID: 7) | Page: dashboard.php
2026-02-11 18:34:21 | Admin: Madiha S (ID: 7) | Page: placed_students.php
2026-02-11 18:34:24 | Admin: Madiha S (ID: 7) | Page: placed_students.php
2026-02-11 18:35:07 | Admin: Madiha S (ID: 7) | Page: data_migration.php
2026-02-11 18:35:23 | Admin: Madiha S (ID: 7) | Page: manage_courses.php
2026-02-11 18:36:03 | Admin: Madiha S (ID: 7) | Page: placed_students.php
2026-02-11 18:36:07 | Admin: Madiha S (ID: 7) | Page: manage_courses.php
2026-02-11 18:36:38 | Admin: Madiha S (ID: 7) | Page: placed_students.php
2026-02-11 18:38:21 | Admin: Madiha S (ID: 7) | Page: placed_students.php
2026-02-11 23:22:23 | Admin: Madiha S (ID: 7) | Page: dashboard.php
2026-02-11 18:52:50 | Admin: Madiha S (ID: 7) | Page: manage_courses.php
2026-02-11 18:52:52 | Admin: Madiha S (ID: 7) | Page: data_migration.php
2026-02-11 18:52:54 | Admin: Madiha S (ID: 7) | Page: manage_courses.php
2026-02-11 18:52:59 | Admin: Madiha S (ID: 7) | Page: generate_course_report.php
2026-02-11 18:53:04 | Admin: Madiha S (ID: 7) | Page: generate_course_report.php
2026-02-11 18:53:11 | Admin: Madiha S (ID: 7) | Page: generate_course_report.php
2026-02-11 18:54:32 | Admin: Madiha S (ID: 7) | Page: placed_students.php
2026-02-11 18:55:09 | Admin: Madiha S (ID: 7) | Page: placed_students.php
2026-02-11 23:26:55 | Admin: Madiha S (ID: 7) | Page: dashboard.php
2026-02-11 18:57:07 | Admin: Madiha S (ID: 7) | Page: registered_students.php
2026-02-11 23:27:54 | Admin: Madiha S (ID: 7) | Page: dashboard.php
2026-02-11 23:28:52 | Admin: Madiha S (ID: 7) | Page: dashboard.php
2026-02-11 18:58:55 | Admin: Madiha S (ID: 7) | Page: enrolled_students.php
2026-02-11 19:00:03 | Admin: Madiha S (ID: 7) | Page: enrolled_students.php
2026-02-11 19:00:35 | Admin: Madiha S (ID: 7) | Page: placed_students.php
2026-02-11 19:00:59 | Admin: Madiha S (ID: 7) | Page: registered_students.php
2026-02-11 19:03:35 | Admin: Madiha S (ID: 7) | Page: course_specific_drive_data.php
2026-02-11 23:33:55 | Admin: Madiha S (ID: 7) | Page: dashboard.php
2026-02-11 19:04:01 | Admin: Madiha S (ID: 7) | Page: manage_rounds.php
2026-02-11 19:04:03 | Admin: Madiha S (ID: 7) | Page: manage_rounds.php
2026-02-11 19:04:32 | Admin: Madiha S (ID: 7) | Page: manage_rounds.php
2026-02-11 19:04:39 | Admin: Madiha S (ID: 7) | Page: manage_rounds.php
2026-02-11 19:04:47 | Admin: Madiha S (ID: 7) | Page: manage_rounds.php
2026-02-11 23:35:12 | Admin: Madiha S (ID: 7) | Page: dashboard.php
2026-02-12 00:11:54 | Admin: Madiha S (ID: 7) | Page: dashboard.php
2026-02-11 19:42:14 | Admin: Madiha S (ID: 7) | Page: enrolled_students.php
2026-02-11 20:00:45 | Admin: Madiha S (ID: 7) | Page: registered_students.php
2026-02-12 00:39:10 | Admin: Madiha S (ID: 7) | Page: dashboard.php
2026-02-11 20:09:22 | Admin: Madiha S (ID: 7) | Page: vantage_registered_students.php
2026-02-11 20:09:55 | Admin: Madiha S (ID: 7) | Page: vantage_registered_students.php
2026-02-11 20:17:00 | Admin: Madiha S (ID: 7) | Page: registered_students.php
2026-02-11 20:18:13 | Admin: Madiha S (ID: 7) | Page: vantage_registered_students.php
2026-02-11 20:21:04 | Admin: Madiha S (ID: 7) | Page: registered_students.php
2026-02-12 01:01:14 | Admin: Madiha S (ID: 7) | Page: dashboard.php
2026-02-12 01:01:55 | Admin: Madiha S (ID: 7) | Page: dashboard.php
2026-02-12 01:02:11 | Admin: Madiha S (ID: 7) | Page: dashboard.php
2026-02-12 01:02:23 | Admin: Madiha S (ID: 7) | Page: dashboard.php
2026-02-11 20:32:27 | Admin: Madiha S (ID: 7) | Page: registered_students.php
2026-02-11 20:33:12 | Admin: Madiha S (ID: 7) | Page: internship_registered_students.php
2026-02-11 20:36:09 | Admin: Madiha S (ID: 7) | Page: internship_registered_students.php
2026-02-11 20:36:23 | Admin: Madiha S (ID: 7) | Page: internship_registered_students.php
2026-02-11 20:37:37 | Admin: Madiha S (ID: 7) | Page: internship_registered_students.php
2026-02-11 20:38:11 | Admin: Madiha S (ID: 7) | Page: internship_registered_students.php
2026-02-11 20:38:14 | Admin: Madiha S (ID: 7) | Page: internship_registered_students.php
2026-02-11 20:38:18 | Admin: Madiha S (ID: 7) | Page: internship_registered_students.php
2026-02-11 20:38:24 | Admin: Madiha S (ID: 7) | Page: manage_rounds.php
2026-02-12 01:08:25 | Admin: Madiha S (ID: 7) | Page: dashboard.php
2026-02-11 20:38:30 | Admin: Madiha S (ID: 7) | Page: internship_registered_students.php
2026-02-11 20:38:33 | Admin: Madiha S (ID: 7) | Page: vantage_registered_students.php
2026-02-11 20:38:35 | Admin: Madiha S (ID: 7) | Page: internship_registered_students.php
2026-02-12 01:08:39 | Admin: Madiha S (ID: 7) | Page: dashboard.php
2026-02-11 20:39:20 | Admin: Madiha S (ID: 7) | Page: vantage_registered_students.php
2026-02-11 20:39:22 | Admin: Madiha S (ID: 7) | Page: internship_registered_students.php
2026-02-11 20:39:32 | Admin: Madiha S (ID: 7) | Page: registered_students.php
2026-02-11 20:39:44 | Admin: Madiha S (ID: 7) | Page: vantage_registered_students.php
2026-02-11 20:39:49 | Admin: Madiha S (ID: 7) | Page: vantage_registered_students.php
2026-02-11 20:44:12 | Admin: Madiha S (ID: 7) | Page: admin_notifications.php
2026-02-11 20:44:16 | Admin: Madiha S (ID: 7) | Page: admin_notifications.php
2026-02-12 01:14:27 | Admin: Madiha S (ID: 7) | Page: dashboard.php
2026-02-11 20:47:29 | Admin: Madiha S (ID: 7) | Page: internship_registered_students.php
2026-02-11 20:51:31 | Admin: Madiha S (ID: 7) | Page: internship_registered_students.php
2026-02-12 01:21:48 | Admin: Madiha S (ID: 7) | Page: dashboard.php
2026-02-11 20:51:49 | Admin: Madiha S (ID: 7) | Page: vantage_registered_students.php
2026-02-11 20:52:48 | Admin: Madiha S (ID: 7) | Page: vantage_registered_students.php
2026-02-11 20:53:07 | Admin: Madiha S (ID: 7) | Page: vantage_registered_students.php
2026-02-12 01:24:12 | Admin: Madiha S (ID: 7) | Page: dashboard.php
2026-02-11 20:54:26 | Admin: Madiha S (ID: 7) | Page: vantage_registered_students.php
2026-02-11 20:56:43 | Admin: Madiha S (ID: 7) | Page: vantage_registered_students.php
2026-02-11 20:58:36 | Admin: Madiha S (ID: 7) | Page: internship_registered_students.php
2026-02-11 20:59:24 | Admin: Madiha S (ID: 7) | Page: internship_registered_students.php
2026-02-11 20:59:29 | Admin: Madiha S (ID: 7) | Page: internship_registered_students.php
2026-02-11 20:59:31 | Admin: Madiha S (ID: 7) | Page: vantage_registered_students.php
2026-02-11 21:01:51 | Admin: Madiha S (ID: 7) | Page: vantage_registered_students.php
2026-02-11 21:02:24 | Admin: Madiha S (ID: 7) | Page: vantage_registered_students.php
2026-02-11 21:02:51 | Admin: Madiha S (ID: 7) | Page: vantage_registered_students.php
2026-02-11 21:03:02 | Admin: Madiha S (ID: 7) | Page: internship_placed_students.php
2026-02-11 21:03:04 | Admin: Madiha S (ID: 7) | Page: internship_placed_students.php
2026-02-11 21:03:07 | Admin: Madiha S (ID: 7) | Page: internship_registered_students.php
2026-02-11 21:03:08 | Admin: Madiha S (ID: 7) | Page: internship_registered_students.php
2026-02-11 21:03:09 | Admin: Madiha S (ID: 7) | Page: internship_registered_students.php
2026-02-11 21:03:10 | Admin: Madiha S (ID: 7) | Page: internship_registered_students.php
2026-02-11 21:03:11 | Admin: Madiha S (ID: 7) | Page: internship_registered_students.php
2026-02-11 21:03:14 | Admin: Madiha S (ID: 7) | Page: internship_placed_students.php
2026-02-11 21:03:15 | Admin: Madiha S (ID: 7) | Page: internship_registered_students.php
2026-02-11 21:03:17 | Admin: Madiha S (ID: 7) | Page: internship_registered_students.php
2026-02-11 21:03:21 | Admin: Madiha S (ID: 7) | Page: internship_registered_students.php
2026-02-11 21:03:23 | Admin: Madiha S (ID: 7) | Page: internship_registered_students.php
2026-02-11 21:03:24 | Admin: Madiha S (ID: 7) | Page: internship_registered_students.php
2026-02-11 21:03:49 | Admin: Madiha S (ID: 7) | Page: internship_registered_students.php
2026-02-11 21:03:50 | Admin: Madiha S (ID: 7) | Page: internship_registered_students.php
2026-02-11 21:03:56 | Admin: Madiha S (ID: 7) | Page: internship_registered_students.php
2026-02-11 21:03:58 | Admin: Madiha S (ID: 7) | Page: internship_registered_students.php
2026-02-11 21:03:59 | Admin: Madiha S (ID: 7) | Page: internship_registered_students.php
2026-02-11 21:04:00 | Admin: Madiha S (ID: 7) | Page: internship_registered_students.php
2026-02-11 21:04:02 | Admin: Madiha S (ID: 7) | Page: internship_registered_students.php
2026-02-12 01:35:15 | Admin: Madiha S (ID: 7) | Page: dashboard.php
2026-02-12 01:35:25 | Admin: Madiha S (ID: 7) | Page: dashboard.php
2026-02-11 21:07:44 | Admin: Madiha S (ID: 7) | Page: internship_registered_students.php
2026-02-11 21:07:46 | Admin: Madiha S (ID: 7) | Page: internship_registered_students.php
2026-02-11 21:08:00 | Admin: Madiha S (ID: 7) | Page: internship_registered_students.php
2026-02-11 21:12:41 | Admin: Madiha S (ID: 7) | Page: internship_registered_students.php
2026-02-11 21:12:57 | Admin: Madiha S (ID: 7) | Page: vantage_registered_students.php
2026-02-12 01:44:03 | Admin: Madiha S (ID: 7) | Page: dashboard.php
2026-02-12 01:44:34 | Admin: Madiha S (ID: 7) | Page: dashboard.php
2026-02-12 01:44:56 | Admin: Madiha S (ID: 7) | Page: dashboard.php
2026-02-12 01:45:01 | Admin: Madiha S (ID: 7) | Page: dashboard.php
2026-02-11 21:15:03 | Admin: Madiha S (ID: 7) | Page: internship_registered_students.php
2026-02-11 21:15:06 | Admin: Madiha S (ID: 7) | Page: vantage_registered_students.php
2026-02-12 01:45:08 | Admin: Madiha S (ID: 7) | Page: dashboard.php
2026-02-12 01:45:18 | Admin: Madiha S (ID: 7) | Page: dashboard.php
2026-02-11 21:16:40 | Admin: Madiha S (ID: 7) | Page: registered_students.php
2026-02-11 21:16:42 | Admin: Madiha S (ID: 7) | Page: placed_students.php
2026-02-11 21:16:44 | Admin: Madiha S (ID: 7) | Page: internship_registered_students.php
2026-02-12 01:48:52 | Admin: Madiha S (ID: 7) | Page: dashboard.php
2026-02-11 21:18:57 | Admin: Madiha S (ID: 7) | Page: internship_registered_students.php
2026-02-11 21:19:02 | Admin: Madiha S (ID: 7) | Page: internship_registered_students.php
2026-02-11 21:19:13 | Admin: Madiha S (ID: 7) | Page: vantage_registered_students.php
2026-02-11 21:19:18 | Admin: Madiha S (ID: 7) | Page: vantage_registered_students.php
2026-02-12 01:49:36 | Admin: Madiha S (ID: 7) | Page: dashboard.php
2026-02-11 21:24:07 | Admin: Madiha S (ID: 7) | Page: internship_registered_students.php
2026-02-11 21:24:09 | Admin: Madiha S (ID: 7) | Page: internship_registered_students.php
2026-02-11 21:24:11 | Admin: Madiha S (ID: 7) | Page: internship_registered_students.php
2026-02-11 21:24:12 | Admin: Madiha S (ID: 7) | Page: internship_registered_students.php
2026-02-11 21:25:11 | Admin: Madiha S (ID: 7) | Page: internship_registered_students.php
2026-02-11 21:25:13 | Admin: Madiha S (ID: 7) | Page: internship_registered_students.php
2026-02-11 21:25:14 | Admin: Madiha S (ID: 7) | Page: internship_registered_students.php
2026-02-11 21:25:22 | Admin: Madiha S (ID: 7) | Page: internship_registered_students.php
2026-02-11 21:25:26 | Admin: Madiha S (ID: 7) | Page: internship_registered_students.php
2026-02-11 21:26:18 | Admin: Madiha S (ID: 7) | Page: internship_registered_students.php
2026-02-11 21:26:19 | Admin: Madiha S (ID: 7) | Page: internship_registered_students.php
2026-02-11 21:27:39 | Admin: Madiha S (ID: 7) | Page: internship_registered_students.php
2026-02-11 21:28:33 | Admin: Madiha S (ID: 7) | Page: internship_registered_students.php
2026-02-11 21:28:42 | Admin: Madiha S (ID: 7) | Page: vantage_placed_students.php
2026-02-11 21:28:45 | Admin: Madiha S (ID: 7) | Page: vantage_placed_students.php
2026-02-11 21:28:47 | Admin: Madiha S (ID: 7) | Page: vantage_registered_students.php
2026-02-11 21:28:50 | Admin: Madiha S (ID: 7) | Page: vantage_registered_students.php
2026-02-11 21:29:46 | Admin: Madiha S (ID: 7) | Page: vantage_placed_students.php
2026-02-12 02:02:32 | Admin: Madiha S (ID: 7) | Page: dashboard.php
2026-02-12 02:02:55 | Admin: Madiha S (ID: 7) | Page: dashboard.php
2026-02-12 02:02:58 | Admin: Madiha S (ID: 7) | Page: dashboard.php
2026-02-12 02:03:13 | Admin: Madiha S (ID: 7) | Page: dashboard.php
2026-02-11 21:33:18 | Admin: Madiha S (ID: 7) | Page: internship_registered_students.php
2026-02-12 02:05:35 | Admin: Madiha S (ID: 7) | Page: dashboard.php
2026-02-11 21:37:04 | Admin: Madiha S (ID: 7) | Page: vantage_registered_students.php
2026-02-11 21:37:14 | Admin: Madiha S (ID: 7) | Page: vantage_registered_students.php
2026-02-11 21:37:42 | Admin: Madiha S (ID: 7) | Page: vantage_registered_students.php
2026-02-11 21:38:33 | Admin: Madiha S (ID: 7) | Page: vantage_registered_students.php
2026-02-11 21:40:50 | Admin: Madiha S (ID: 7) | Page: vantage_registered_students.php
2026-02-11 21:41:45 | Admin: Madiha S (ID: 7) | Page: vantage_registered_students.php
2026-02-11 22:03:28 | Admin: Unknown (ID: 7) | Page: vantage_registered_students.php
2026-02-11 22:03:33 | Admin: Unknown (ID: 7) | Page: vantage_registered_students.php
2026-02-11 22:03:40 | Admin: Unknown (ID: 7) | Page: vantage_registered_students.php
2026-02-12 02:33:43 | Admin: Unknown (ID: 7) | Page: dashboard.php
2026-02-12 02:33:53 | Admin: Unknown (ID: 7) | Page: dashboard.php
2026-02-11 22:04:02 | Admin: Unknown (ID: 7) | Page: vantage_registered_students.php
2026-02-11 22:04:04 | Admin: Unknown (ID: 7) | Page: vantage_registered_students.php
2026-02-12 02:35:44 | Admin: Unknown (ID: 7) | Page: dashboard.php
2026-02-12 02:36:00 | Admin: Unknown (ID: 7) | Page: dashboard.php
2026-02-12 02:36:43 | Admin: Unknown (ID: 7) | Page: dashboard.php
2026-02-12 02:56:31 | Admin: Madiha S (ID: 7) | Page: dashboard.php
2026-02-11 22:26:40 | Admin: Madiha S (ID: 7) | Page: add_drive.php
2026-02-11 22:26:45 | Admin: Madiha S (ID: 7) | Page: generate_course_report.php
2026-02-12 02:57:56 | Admin: Madiha S (ID: 7) | Page: old_files_storage.php
2026-02-11 22:27:58 | Admin: Madiha S (ID: 7) | Page: backup_module.php
2026-02-11 22:28:01 | Admin: Madiha S (ID: 7) | Page: data_migration.php
2026-02-12 02:58:04 | Admin: Madiha S (ID: 7) | Page: dashboard.php
2026-02-12 02:58:04 | Admin: Madiha S (ID: 7) | Page: dashboard.php
2026-02-12 02:58:10 | Admin: Madiha S (ID: 7) | Page: dashboard.php
2026-02-12 02:58:14 | Admin: Madiha S (ID: 7) | Page: dashboard.php
2026-02-11 22:28:23 | Admin: Madiha S (ID: 7) | Page: placed_students.php
2026-02-11 22:28:28 | Admin: Madiha S (ID: 7) | Page: registered_students.php
2026-02-11 22:28:29 | Admin: Madiha S (ID: 7) | Page: placed_students.php
2026-02-11 22:28:33 | Admin: Madiha S (ID: 7) | Page: registered_students.php
2026-02-11 22:28:39 | Admin: Madiha S (ID: 7) | Page: internship_registered_students.php
2026-02-11 22:28:41 | Admin: Madiha S (ID: 7) | Page: generate_course_report.php
2026-02-11 22:28:46 | Admin: Madiha S (ID: 7) | Page: generate_course_report.php
2026-02-12 02:58:49 | Admin: Madiha S (ID: 7) | Page: dashboard.php
2026-02-12 02:58:51 | Admin: Madiha S (ID: 7) | Page: dashboard.php
2026-02-11 22:28:56 | Admin: Madiha S (ID: 7) | Page: add_drive.php
2026-02-11 22:29:12 | Admin: Madiha S (ID: 7) | Page: add_drive.php
2026-02-11 22:29:14 | Admin: Madiha S (ID: 7) | Page: enrolled_students.php
2026-02-11 22:29:35 | Admin: Madiha S (ID: 7) | Page: enrolled_students.php
2026-02-11 22:29:47 | Admin: Madiha S (ID: 7) | Page: manage_rounds.php
2026-02-11 22:29:47 | Admin: Madiha S (ID: 7) | Page: manage_rounds.php
2026-02-11 22:29:47 | Admin: Madiha S (ID: 7) | Page: manage_rounds.php
2026-02-11 22:29:47 | Admin: Madiha S (ID: 7) | Page: vantage_placed_students.php
2026-02-11 22:29:47 | Admin: Madiha S (ID: 7) | Page: on_off_campus.php
2026-02-11 22:29:47 | Admin: Madiha S (ID: 7) | Page: vantage_placed_students.php
2026-02-11 22:30:04 | Admin: Madiha S (ID: 7) | Page: course_specific_drive_data.php
2026-02-11 22:30:17 | Admin: Madiha S (ID: 7) | Page: generate_course_report.php
2026-02-11 22:30:30 | Admin: Madiha S (ID: 7) | Page: vantage_registered_students.php
2026-02-11 22:30:33 | Admin: Madiha S (ID: 7) | Page: vantage_registered_students.php
2026-02-11 22:30:33 | Admin: Madiha S (ID: 7) | Page: vantage_registered_students.php
2026-02-11 22:30:38 | Admin: Madiha S (ID: 7) | Page: internship_placed_students.php
2026-02-12 03:00:54 | Admin: Madiha S (ID: 7) | Page: dashboard.php
2026-02-12 03:01:02 | Admin: Madiha S (ID: 7) | Page: dashboard.php
2026-02-11 22:31:02 | Admin: Madiha S (ID: 7) | Page: registered_students.php
2026-02-11 22:31:09 | Admin: Madiha S (ID: 7) | Page: placed_students.php
2026-02-11 22:31:32 | Admin: Madiha S (ID: 7) | Page: add_drive.php
2026-02-11 22:31:33 | Admin: Madiha S (ID: 7) | Page: enrolled_students.php
2026-02-11 22:32:08 | Admin: Madiha S (ID: 7) | Page: manage_rounds.php
2026-02-11 22:32:08 | Admin: Madiha S (ID: 7) | Page: manage_rounds.php
2026-02-11 22:32:08 | Admin: Madiha S (ID: 7) | Page: course_specific_drive_data.php
2026-02-12 03:02:31 | Admin: Madiha S (ID: 7) | Page: dashboard.php
2026-02-12 03:07:44 | Admin: Madiha S (ID: 7) | Page: dashboard.php
2026-02-11 22:37:50 | Admin: Madiha S (ID: 7) | Page: registered_students.php
2026-02-11 22:40:19 | Admin: Madiha S (ID: 7) | Page: placed_students.php
2026-02-12 03:10:36 | Admin: Madiha S (ID: 7) | Page: dashboard.php
2026-02-12 03:10:40 | Admin: Madiha S (ID: 7) | Page: dashboard.php
2026-02-11 22:40:49 | Admin: Madiha S (ID: 7) | Page: placed_students.php
2026-02-12 03:11:10 | Admin: Madiha S (ID: 7) | Page: dashboard.php
2026-02-11 22:41:15 | Admin: Madiha S (ID: 7) | Page: data_migration.php
2026-02-11 22:41:18 | Admin: Madiha S (ID: 7) | Page: manage_courses.php
2026-02-11 22:41:20 | Admin: Madiha S (ID: 7) | Page: generate_course_report.php
2026-02-11 22:41:27 | Admin: Madiha S (ID: 7) | Page: generate_course_report.php
2026-02-11 22:41:32 | Admin: Madiha S (ID: 7) | Page: internship_registered_students.php
2026-02-11 22:41:34 | Admin: Madiha S (ID: 7) | Page: course_specific_drive_data.php
2026-02-11 22:41:36 | Admin: Madiha S (ID: 7) | Page: placed_students.php
2026-02-11 22:41:40 | Admin: Madiha S (ID: 7) | Page: registered_students.php
2026-02-11 22:41:43 | Admin: Madiha S (ID: 7) | Page: course_specific_drive_data.php
2026-02-11 22:41:47 | Admin: Madiha S (ID: 7) | Page: generate_course_report.php
2026-02-11 22:41:52 | Admin: Madiha S (ID: 7) | Page: generate_course_report.php
2026-02-11 22:42:27 | Admin: Madiha S (ID: 7) | Page: course_specific_drive_data.php
2026-02-11 22:54:16 | Admin: Madiha S (ID: 7) | Page: manage_courses.php
2026-02-11 22:54:18 | Admin: Madiha S (ID: 7) | Page: generate_course_report.php
2026-02-11 22:54:23 | Admin: Madiha S (ID: 7) | Page: generate_course_report.php
2026-02-11 22:55:16 | Admin: Madiha S (ID: 7) | Page: course_specific_drive_data.php
2026-02-11 22:55:29 | Admin: Madiha S (ID: 7) | Page: on_off_campus.php
2026-02-11 22:56:02 | Admin: Madiha S (ID: 7) | Page: vantage_placed_students.php
2026-02-11 22:56:04 | Admin: Madiha S (ID: 7) | Page: internship_placed_students.php
2026-02-11 22:56:06 | Admin: Madiha S (ID: 7) | Page: internship_registered_students.php
2026-02-11 22:56:15 | Admin: Madiha S (ID: 7) | Page: manage_rounds.php
2026-02-12 03:26:20 | Admin: Madiha S (ID: 7) | Page: dashboard.php
2026-02-12 03:38:57 | Admin: Madiha S (ID: 7) | Page: dashboard.php
2026-02-12 03:48:10 | Admin: Madiha S (ID: 7) | Page: dashboard.php
2026-02-11 23:18:16 | Admin: Madiha S (ID: 7) | Page: add_drive.php
2026-02-11 23:18:18 | Admin: Madiha S (ID: 7) | Page: enrolled_students.php
2026-02-11 23:18:46 | Admin: Madiha S (ID: 7) | Page: manage_rounds.php
2026-02-11 23:18:47 | Admin: Madiha S (ID: 7) | Page: registered_students.php
2026-02-11 23:18:48 | Admin: Madiha S (ID: 7) | Page: manage_rounds.php
2026-02-11 23:18:51 | Admin: Madiha S (ID: 7) | Page: manage_rounds.php
2026-02-11 23:18:56 | Admin: Madiha S (ID: 7) | Page: registered_students.php
2026-02-11 23:19:17 | Admin: Madiha S (ID: 7) | Page: placed_students.php
2026-02-11 23:20:10 | Admin: Madiha S (ID: 7) | Page: internship_registered_students.php
2026-02-11 23:20:14 | Admin: Madiha S (ID: 7) | Page: internship_placed_students.php
2026-02-11 23:20:16 | Admin: Madiha S (ID: 7) | Page: vantage_registered_students.php
2026-02-11 23:20:20 | Admin: Madiha S (ID: 7) | Page: vantage_placed_students.php
2026-02-11 23:20:23 | Admin: Madiha S (ID: 7) | Page: on_off_campus.php
2026-02-11 23:20:25 | Admin: Madiha S (ID: 7) | Page: course_specific_drive_data.php
2026-02-12 03:50:45 | Admin: Madiha S (ID: 7) | Page: old_files_storage.php
2026-02-11 23:20:47 | Admin: Madiha S (ID: 7) | Page: backup_module.php
2026-02-11 23:20:50 | Admin: Madiha S (ID: 7) | Page: generate_course_report.php
2026-02-11 23:20:55 | Admin: Madiha S (ID: 7) | Page: generate_course_report.php
2026-02-12 03:51:17 | Admin: Madiha S (ID: 7) | Page: dashboard.php
2026-02-11 23:21:41 | Admin: Madiha S (ID: 7) | Page: enrolled_students.php
2026-02-11 23:22:12 | Admin: Madiha S (ID: 7) | Page: manage_rounds.php
2026-02-11 23:22:12 | Admin: Madiha S (ID: 7) | Page: registered_students.php
2026-02-11 23:22:12 | Admin: Madiha S (ID: 7) | Page: placed_students.php
2026-02-11 23:22:13 | Admin: Madiha S (ID: 7) | Page: placed_students.php
2026-02-11 23:22:13 | Admin: Madiha S (ID: 7) | Page: placed_students.php
2026-02-11 23:38:33 | Admin: Madiha S (ID: 7) | Page: placed_students.php
2026-02-11 23:38:39 | Admin: Madiha S (ID: 7) | Page: generate_course_report.php
2026-02-11 23:38:44 | Admin: Madiha S (ID: 7) | Page: generate_course_report.php
2026-02-11 23:45:54 | Admin: Madiha S (ID: 7) | Page: generate_course_report.php
2026-02-11 23:45:59 | Admin: Madiha S (ID: 7) | Page: generate_course_report.php
2026-02-11 23:46:04 | Admin: Madiha S (ID: 7) | Page: generate_course_report.php
2026-02-11 23:46:16 | Admin: Madiha S (ID: 7) | Page: internship_placed_students.php
2026-02-11 23:46:18 | Admin: Madiha S (ID: 7) | Page: placed_students.php
2026-02-11 23:47:02 | Admin: Madiha S (ID: 7) | Page: registered_students.php
2026-02-11 23:47:17 | Admin: Madiha S (ID: 7) | Page: placed_students.php
2026-02-11 23:56:27 | Admin: Madiha S (ID: 7) | Page: placed_students.php
2026-02-11 23:56:36 | Admin: Madiha S (ID: 7) | Page: manage_courses.php
2026-02-11 23:56:38 | Admin: Madiha S (ID: 7) | Page: generate_course_report.php
2026-02-11 23:56:43 | Admin: Madiha S (ID: 7) | Page: generate_course_report.php
2026-02-11 23:56:54 | Admin: Madiha S (ID: 7) | Page: generate_course_report.php
2026-02-11 23:58:44 | Admin: Madiha S (ID: 7) | Page: generate_course_report.php
2026-02-11 23:58:50 | Admin: Madiha S (ID: 7) | Page: generate_course_report.php
2026-02-11 23:58:55 | Admin: Madiha S (ID: 7) | Page: generate_course_report.php
2026-02-11 23:59:00 | Admin: Madiha S (ID: 7) | Page: generate_course_report.php
2026-02-11 23:59:06 | Admin: Madiha S (ID: 7) | Page: manage_courses.php
2026-02-12 04:35:45 | Admin: Madiha S (ID: 7) | Page: course_specific_drive_data.php
2026-02-12 04:36:10 | Admin: Madiha S (ID: 7) | Page: vantage_registered_students.php
2026-02-12 04:36:17 | Admin: Madiha S (ID: 7) | Page: registered_students.php
2026-02-12 04:36:28 | Admin: Madiha S (ID: 7) | Page: course_specific_drive_data.php
2026-02-12 04:36:35 | Admin: Madiha S (ID: 7) | Page: generate_course_report.php
2026-02-12 04:36:42 | Admin: Madiha S (ID: 7) | Page: generate_course_report.php
2026-02-12 04:36:55 | Admin: Madiha S (ID: 7) | Page: enrolled_students.php
2026-02-12 04:37:07 | Admin: Madiha S (ID: 7) | Page: internship_registered_students.php
2026-02-12 05:30:13 | Admin: Madiha S (ID: 7) | Page: manage_courses.php
2026-02-12 05:30:18 | Admin: Madiha S (ID: 7) | Page: vantage_placed_students.php
2026-02-12 05:30:25 | Admin: Madiha S (ID: 7) | Page: vantage_registered_students.php
2026-02-12 05:43:04 | Admin: Madiha S (ID: 7) | Page: vantage_registered_students.php
2026-02-12 05:43:08 | Admin: Madiha S (ID: 7) | Page: vantage_registered_students.php
2026-02-12 05:43:09 | Admin: Madiha S (ID: 7) | Page: vantage_registered_students.php
2026-02-12 06:56:25 | Admin: Madiha S (ID: 7) | Page: vantage_registered_students.php
2026-02-12 06:56:25 | Admin: Madiha S (ID: 7) | Page: vantage_registered_students.php
2026-02-12 06:56:27 | Admin: Madiha S (ID: 7) | Page: vantage_registered_students.php
2026-02-12 06:56:28 | Admin: Madiha S (ID: 7) | Page: vantage_registered_students.php
2026-02-12 06:56:29 | Admin: Madiha S (ID: 7) | Page: vantage_registered_students.php
2026-02-12 06:56:30 | Admin: Madiha S (ID: 7) | Page: internship_placed_students.php
2026-02-12 06:56:31 | Admin: Madiha S (ID: 7) | Page: internship_placed_students.php
2026-02-12 06:56:33 | Admin: Madiha S (ID: 7) | Page: internship_registered_students.php
2026-02-12 06:56:33 | Admin: Madiha S (ID: 7) | Page: internship_registered_students.php
2026-02-12 06:56:34 | Admin: Madiha S (ID: 7) | Page: internship_registered_students.php
2026-02-12 06:56:35 | Admin: Madiha S (ID: 7) | Page: internship_registered_students.php
2026-02-12 06:56:36 | Admin: Madiha S (ID: 7) | Page: placed_students.php
2026-02-12 06:59:37 | Admin: Madiha S (ID: 7) | Page: placed_students.php
2026-02-12 06:59:42 | Admin: Madiha S (ID: 7) | Page: registered_students.php
2026-02-12 06:59:48 | Admin: Madiha S (ID: 7) | Page: placed_students.php
2026-02-12 06:59:56 | Admin: Madiha S (ID: 7) | Page: placed_students.php
2026-02-12 06:59:57 | Admin: Madiha S (ID: 7) | Page: placed_students.php
2026-02-12 06:59:59 | Admin: Madiha S (ID: 7) | Page: placed_students.php
2026-02-12 07:02:00 | Admin: Madiha S (ID: 7) | Page: course_specific_drive_data.php
2026-02-12 07:02:04 | Admin: Madiha S (ID: 7) | Page: course_specific_drive_data.php
2026-02-12 07:02:05 | Admin: Madiha S (ID: 7) | Page: course_specific_drive_data.php
2026-02-12 07:02:07 | Admin: Madiha S (ID: 7) | Page: course_specific_drive_data.php
2026-02-12 07:02:27 | Admin: Madiha S (ID: 7) | Page: course_specific_drive_data.php
2026-02-12 07:02:32 | Admin: Madiha S (ID: 7) | Page: placed_students.php
2026-02-12 07:02:37 | Admin: Madiha S (ID: 7) | Page: manage_courses.php
2026-02-12 07:02:41 | Admin: Madiha S (ID: 7) | Page: generate_course_report.php
2026-02-12 07:03:15 | Admin: Madiha S (ID: 7) | Page: generate_course_report.php
2026-02-12 11:33:18 | Admin: Madiha S (ID: 7) | Page: dashboard.php
2026-02-12 07:03:30 | Admin: Madiha S (ID: 7) | Page: add_drive.php
2026-02-12 07:04:29 | Admin: Madiha S (ID: 7) | Page: add_drive.php
2026-02-12 07:04:32 | Admin: Madiha S (ID: 7) | Page: add_drive.php
2026-02-12 11:34:33 | Admin: Madiha S (ID: 7) | Page: dashboard.php
2026-02-12 11:34:41 | Admin: Madiha S (ID: 7) | Page: dashboard.php
2026-02-12 11:34:43 | Admin: Madiha S (ID: 7) | Page: dashboard.php
2026-02-12 11:34:44 | Admin: Madiha S (ID: 7) | Page: dashboard.php
2026-02-12 11:34:46 | Admin: Madiha S (ID: 7) | Page: dashboard.php
2026-02-12 11:35:09 | Admin: Madiha S (ID: 7) | Page: old_files_storage.php
2026-02-12 07:05:10 | Admin: Madiha S (ID: 7) | Page: generate_course_report.php
2026-02-12 07:05:12 | Admin: Madiha S (ID: 7) | Page: data_migration.php
2026-02-12 07:05:13 | Admin: Madiha S (ID: 7) | Page: manage_courses.php
2026-02-12 11:35:15 | Admin: Madiha S (ID: 7) | Page: old_files_storage.php
2026-02-12 07:05:17 | Admin: Madiha S (ID: 7) | Page: course_specific_drive_data.php
2026-02-12 07:07:19 | Admin: Madiha S (ID: 7) | Page: enrolled_students.php
2026-02-12 07:08:35 | Admin: Madiha S (ID: 7) | Page: enrolled_students.php
2026-02-12 07:09:26 | Admin: Madiha S (ID: 7) | Page: enrolled_students.php
2026-02-12 07:10:45 | Admin: Madiha S (ID: 7) | Page: manage_rounds.php
2026-02-12 07:10:47 | Admin: Madiha S (ID: 7) | Page: placed_students.php
2026-02-12 07:10:54 | Admin: Madiha S (ID: 7) | Page: internship_registered_students.php
2026-02-12 07:10:55 | Admin: Madiha S (ID: 7) | Page: internship_placed_students.php
2026-02-12 07:10:58 | Admin: Madiha S (ID: 7) | Page: internship_placed_students.php
2026-02-12 12:16:30 | Admin: Madiha S (ID: 7) | Page: dashboard.php
2026-02-12 07:46:47 | Admin: Madiha S (ID: 7) | Page: add_drive.php
2026-02-12 07:46:48 | Admin: Madiha S (ID: 7) | Page: enrolled_students.php
2026-02-12 07:47:16 | Admin: Madiha S (ID: 7) | Page: manage_rounds.php
2026-02-12 07:47:20 | Admin: Madiha S (ID: 7) | Page: registered_students.php
2026-02-12 07:47:29 | Admin: Madiha S (ID: 7) | Page: placed_students.php
2026-02-12 07:47:45 | Admin: Madiha S (ID: 7) | Page: internship_registered_students.php
2026-02-12 07:47:48 | Admin: Madiha S (ID: 7) | Page: internship_placed_students.php
2026-02-12 07:47:53 | Admin: Madiha S (ID: 7) | Page: vantage_registered_students.php
2026-02-12 07:47:56 | Admin: Madiha S (ID: 7) | Page: vantage_placed_students.php
2026-02-12 07:48:14 | Admin: Madiha S (ID: 7) | Page: vantage_placed_students.php
2026-02-12 07:48:24 | Admin: Madiha S (ID: 7) | Page: vantage_placed_students.php
2026-02-12 07:48:26 | Admin: Madiha S (ID: 7) | Page: course_specific_drive_data.php
2026-02-12 07:58:27 | Admin: Madiha S (ID: 7) | Page: course_specific_drive_data.php
2026-02-12 07:58:38 | Admin: Madiha S (ID: 7) | Page: placed_students.php
2026-02-12 07:58:40 | Admin: Madiha S (ID: 7) | Page: placed_students.php
2026-02-12 07:58:44 | Admin: Madiha S (ID: 7) | Page: registered_students.php
2026-02-12 07:58:51 | Admin: Madiha S (ID: 7) | Page: enrolled_students.php
2026-02-12 07:59:00 | Admin: Madiha S (ID: 7) | Page: internship_placed_students.php
2026-02-12 07:59:00 | Admin: Madiha S (ID: 7) | Page: internship_placed_students.php
2026-02-12 07:59:01 | Admin: Madiha S (ID: 7) | Page: vantage_registered_students.php
2026-02-12 07:59:14 | Admin: Madiha S (ID: 7) | Page: vantage_registered_students.php
2026-02-12 08:02:36 | Admin: Madiha S (ID: 7) | Page: vantage_registered_students.php
2026-02-12 14:04:09 | Admin: Madiha S (ID: 7) | Page: dashboard.php
2026-02-12 09:34:16 | Admin: Madiha S (ID: 7) | Page: enrolled_students.php
2026-02-12 09:36:07 | Admin: Madiha S (ID: 7) | Page: manage_rounds.php
2026-02-12 09:36:14 | Admin: Madiha S (ID: 7) | Page: internship_registered_students.php
2026-02-12 09:36:16 | Admin: Madiha S (ID: 7) | Page: manage_rounds.php
2026-02-12 09:36:20 | Admin: Madiha S (ID: 7) | Page: registered_students.php
2026-02-12 09:36:47 | Admin: Madiha S (ID: 7) | Page: backup_module.php
2026-02-12 09:36:49 | Admin: Madiha S (ID: 7) | Page: generate_course_report.php
2026-02-12 09:36:53 | Admin: Madiha S (ID: 7) | Page: generate_course_report.php
2026-02-12 09:37:18 | Admin: Madiha S (ID: 7) | Page: manage_courses.php
2026-02-12 09:37:31 | Admin: Madiha S (ID: 7) | Page: data_migration.php
2026-02-12 09:37:33 | Admin: Madiha S (ID: 7) | Page: on_off_campus.php
2026-02-12 09:37:44 | Admin: Madiha S (ID: 7) | Page: vantage_placed_students.php
2026-02-12 09:37:46 | Admin: Madiha S (ID: 7) | Page: registered_students.php
2026-02-12 09:37:47 | Admin: Madiha S (ID: 7) | Page: placed_students.php
2026-02-12 09:38:02 | Admin: Madiha S (ID: 7) | Page: registered_students.php
2026-02-12 09:38:05 | Admin: Madiha S (ID: 7) | Page: course_specific_drive_data.php
2026-02-12 09:39:30 | Admin: Madiha S (ID: 7) | Page: on_off_campus.php
2026-02-12 09:40:35 | Admin: Madiha S (ID: 7) | Page: course_specific_drive_data.php
2026-02-12 14:11:38 | Admin: Madiha S (ID: 7) | Page: dashboard.php
2026-02-12 09:43:24 | Admin: Madiha S (ID: 7) | Page: course_specific_drive_data.php
2026-02-12 14:19:05 | Admin: Madiha S (ID: 7) | Page: dashboard.php
2026-02-12 09:49:31 | Admin: Madiha S (ID: 7) | Page: registered_students.php
2026-02-12 09:49:53 | Admin: Madiha S (ID: 7) | Page: internship_registered_students.php
2026-02-12 14:20:05 | Admin: Madiha S (ID: 7) | Page: dashboard.php
2026-02-12 14:20:45 | Admin: Madiha S (ID: 7) | Page: dashboard.php
2026-02-12 09:50:54 | Admin: Madiha S (ID: 7) | Page: registered_students.php
2026-02-12 14:22:55 | Admin: Madiha S (ID: 7) | Page: dashboard.php
2026-02-12 14:23:18 | Admin: Madiha S (ID: 7) | Page: dashboard.php
2026-02-12 14:23:21 | Admin: Madiha S (ID: 7) | Page: dashboard.php
2026-02-12 14:25:11 | Admin: Madiha S (ID: 7) | Page: dashboard.php
2026-02-12 09:55:59 | Admin: Madiha S (ID: 7) | Page: add_drive.php
2026-02-12 09:56:01 | Admin: Madiha S (ID: 7) | Page: enrolled_students.php
2026-02-12 14:28:02 | Admin: Madiha S (ID: 7) | Page: dashboard.php
2026-02-12 14:28:04 | Admin: Madiha S (ID: 7) | Page: dashboard.php
2026-02-12 09:58:27 | Admin: Madiha S (ID: 7) | Page: generate_course_report.php
2026-02-12 09:58:31 | Admin: Madiha S (ID: 7) | Page: generate_course_report.php
2026-02-12 09:58:42 | Admin: Madiha S (ID: 7) | Page: generate_course_report.php
2026-02-12 09:59:17 | Admin: Madiha S (ID: 7) | Page: manage_rounds.php
2026-02-12 09:59:18 | Admin: Madiha S (ID: 7) | Page: course_specific_drive_data.php
2026-02-12 10:02:11 | Admin: Madiha S (ID: 7) | Page: internship_registered_students.php
2026-02-12 10:02:13 | Admin: Madiha S (ID: 7) | Page: placed_students.php
2026-02-12 10:11:04 | Admin: Madiha S (ID: 7) | Page: course_specific_drive_data.php
2026-02-12 14:41:37 | Admin: Madiha S (ID: 7) | Page: dashboard.php
2026-02-12 10:11:40 | Admin: Madiha S (ID: 7) | Page: generate_course_report.php
2026-02-12 10:11:42 | Admin: Madiha S (ID: 7) | Page: generate_course_report.php
2026-02-12 14:41:46 | Admin: Madiha S (ID: 7) | Page: dashboard.php
2026-02-12 10:11:49 | Admin: Madiha S (ID: 7) | Page: generate_course_report.php
2026-02-12 10:12:21 | Admin: Madiha S (ID: 7) | Page: generate_course_report.php
2026-02-12 14:42:37 | Admin: Madiha S (ID: 7) | Page: dashboard.php
2026-02-12 14:42:43 | Admin: Madiha S (ID: 7) | Page: dashboard.php
2026-02-12 14:47:16 | Admin: Madiha S (ID: 7) | Page: dashboard.php
2026-02-12 10:19:44 | Admin: Madiha S (ID: 7) | Page: internship_registered_students.php
2026-02-12 10:23:21 | Admin: Madiha S (ID: 7) | Page: internship_registered_students.php
2026-02-12 10:23:22 | Admin: Madiha S (ID: 7) | Page: internship_registered_students.php
2026-02-12 10:23:31 | Admin: Madiha S (ID: 7) | Page: placed_students.php
2026-02-12 10:23:43 | Admin: Madiha S (ID: 7) | Page: generate_course_report.php
2026-02-12 10:23:53 | Admin: Madiha S (ID: 7) | Page: generate_course_report.php
2026-02-12 10:24:27 | Admin: Madiha S (ID: 7) | Page: generate_course_report.php
2026-02-12 10:24:31 | Admin: Madiha S (ID: 7) | Page: course_specific_drive_data.php
2026-02-12 10:25:05 | Admin: Madiha S (ID: 7) | Page: on_off_campus.php
2026-02-12 14:55:11 | Admin: Madiha S (ID: 7) | Page: dashboard.php
2026-02-12 14:56:48 | Admin: Madiha S (ID: 7) | Page: dashboard.php
2026-02-12 15:13:46 | Admin: Madiha S (ID: 7) | Page: dashboard.php
2026-02-12 15:13:46 | Admin: Madiha S (ID: 7) | Page: dashboard.php
2026-02-12 15:14:13 | Admin: Madiha S (ID: 7) | Page: dashboard.php
2026-02-12 15:18:43 | Admin: Madiha S (ID: 7) | Page: dashboard.php
2026-02-12 10:49:22 | Admin: Madiha S (ID: 7) | Page: generate_course_report.php
2026-02-12 10:49:24 | Admin: Madiha S (ID: 7) | Page: generate_course_report.php
2026-02-12 10:49:34 | Admin: Madiha S (ID: 7) | Page: registered_students.php
2026-02-12 10:51:29 | Admin: Madiha S (ID: 7) | Page: placed_students.php
2026-02-12 10:52:15 | Admin: Madiha S (ID: 7) | Page: registered_students.php
2026-02-12 10:52:40 | Admin: Madiha S (ID: 7) | Page: placed_students.php
2026-02-12 10:52:42 | Admin: Madiha S (ID: 7) | Page: registered_students.php
2026-02-12 10:52:57 | Admin: Madiha S (ID: 7) | Page: course_specific_drive_data.php
2026-02-12 10:54:34 | Admin: Madiha S (ID: 7) | Page: course_specific_drive_data.php
